{"C:\\BYUI\\CSE 340-341\\MovieWatchlist\\Movie_Watchlist\\backend\\server.js": {"path":"C:\\BYUI\\CSE 340-341\\MovieWatchlist\\Movie_Watchlist\\backend\\server.js","statementMap":{"0":{"start":{"line":1,"column":12},"end":{"line":1,"column":26}},"1":{"start":{"line":2,"column":0},"end":{"line":2,"column":39}},"2":{"start":{"line":3,"column":0},"end":{"line":3,"column":39}},"3":{"start":{"line":5,"column":16},"end":{"line":5,"column":34}},"4":{"start":{"line":6,"column":15},"end":{"line":6,"column":32}},"5":{"start":{"line":7,"column":13},"end":{"line":7,"column":28}},"6":{"start":{"line":8,"column":13},"end":{"line":8,"column":28}},"7":{"start":{"line":9,"column":16},"end":{"line":9,"column":42}},"8":{"start":{"line":10,"column":19},"end":{"line":10,"column":62}},"9":{"start":{"line":11,"column":21},"end":{"line":11,"column":45}},"10":{"start":{"line":12,"column":17},"end":{"line":12,"column":45}},"11":{"start":{"line":13,"column":16},"end":{"line":13,"column":39}},"12":{"start":{"line":14,"column":15},"end":{"line":14,"column":32}},"13":{"start":{"line":15,"column":13},"end":{"line":15,"column":37}},"14":{"start":{"line":17,"column":0},"end":{"line":17,"column":34}},"15":{"start":{"line":19,"column":12},"end":{"line":19,"column":21}},"16":{"start":{"line":20,"column":13},"end":{"line":20,"column":37}},"17":{"start":{"line":21,"column":21},"end":{"line":21,"column":38}},"18":{"start":{"line":24,"column":21},"end":{"line":159,"column":1}},"19":{"start":{"line":25,"column":0},"end":{"line":25,"column":26}},"20":{"start":{"line":28,"column":22},"end":{"line":38,"column":1}},"21":{"start":{"line":41,"column":0},"end":{"line":47,"column":1}},"22":{"start":{"line":42,"column":2},"end":{"line":46,"column":5}},"23":{"start":{"line":49,"column":0},"end":{"line":49,"column":24}},"24":{"start":{"line":50,"column":0},"end":{"line":50,"column":32}},"25":{"start":{"line":53,"column":0},"end":{"line":53,"column":31}},"26":{"start":{"line":54,"column":0},"end":{"line":54,"column":28}},"27":{"start":{"line":57,"column":0},"end":{"line":59,"column":1}},"28":{"start":{"line":58,"column":2},"end":{"line":58,"column":25}},"29":{"start":{"line":62,"column":20},"end":{"line":72,"column":1}},"30":{"start":{"line":74,"column":0},"end":{"line":74,"column":27}},"31":{"start":{"line":77,"column":0},"end":{"line":77,"column":23}},"32":{"start":{"line":78,"column":0},"end":{"line":78,"column":16}},"33":{"start":{"line":79,"column":0},"end":{"line":79,"column":24}},"34":{"start":{"line":80,"column":0},"end":{"line":80,"column":48}},"35":{"start":{"line":82,"column":0},"end":{"line":82,"column":43}},"36":{"start":{"line":85,"column":26},"end":{"line":85,"column":67}},"37":{"start":{"line":86,"column":24},"end":{"line":86,"column":63}},"38":{"start":{"line":87,"column":23},"end":{"line":87,"column":61}},"39":{"start":{"line":89,"column":0},"end":{"line":89,"column":65}},"40":{"start":{"line":92,"column":0},"end":{"line":92,"column":43}},"41":{"start":{"line":93,"column":0},"end":{"line":93,"column":49}},"42":{"start":{"line":94,"column":0},"end":{"line":94,"column":47}},"43":{"start":{"line":97,"column":0},"end":{"line":101,"column":3}},"44":{"start":{"line":98,"column":22},"end":{"line":98,"column":64}},"45":{"start":{"line":99,"column":4},"end":{"line":99,"column":51}},"46":{"start":{"line":100,"column":4},"end":{"line":100,"column":28}},"47":{"start":{"line":104,"column":0},"end":{"line":142,"column":3}},"48":{"start":{"line":105,"column":2},"end":{"line":141,"column":3}},"49":{"start":{"line":107,"column":4},"end":{"line":111,"column":5}},"50":{"start":{"line":108,"column":17},"end":{"line":108,"column":32}},"51":{"start":{"line":110,"column":6},"end":{"line":110,"column":77}},"52":{"start":{"line":113,"column":15},"end":{"line":113,"column":30}},"53":{"start":{"line":114,"column":27},"end":{"line":117,"column":16}},"54":{"start":{"line":119,"column":24},"end":{"line":121,"column":18}},"55":{"start":{"line":123,"column":4},"end":{"line":137,"column":7}},"56":{"start":{"line":125,"column":50},"end":{"line":131,"column":7}},"57":{"start":{"line":140,"column":4},"end":{"line":140,"column":49}},"58":{"start":{"line":147,"column":2},"end":{"line":147,"column":42}},"59":{"start":{"line":150,"column":2},"end":{"line":152,"column":5}},"60":{"start":{"line":151,"column":6},"end":{"line":151,"column":59}},"61":{"start":{"line":155,"column":2},"end":{"line":158,"column":5}},"62":{"start":{"line":156,"column":6},"end":{"line":156,"column":31}},"63":{"start":{"line":157,"column":6},"end":{"line":157,"column":53}},"64":{"start":{"line":162,"column":16},"end":{"line":172,"column":1}},"65":{"start":{"line":163,"column":2},"end":{"line":171,"column":3}},"66":{"start":{"line":164,"column":4},"end":{"line":164,"column":27}},"67":{"start":{"line":165,"column":4},"end":{"line":165,"column":38}},"68":{"start":{"line":166,"column":4},"end":{"line":166,"column":19}},"69":{"start":{"line":167,"column":4},"end":{"line":167,"column":15}},"70":{"start":{"line":169,"column":4},"end":{"line":169,"column":57}},"71":{"start":{"line":170,"column":4},"end":{"line":170,"column":14}},"72":{"start":{"line":175,"column":16},"end":{"line":185,"column":1}},"73":{"start":{"line":176,"column":2},"end":{"line":184,"column":3}},"74":{"start":{"line":177,"column":15},"end":{"line":177,"column":30}},"75":{"start":{"line":178,"column":4},"end":{"line":181,"column":5}},"76":{"start":{"line":179,"column":6},"end":{"line":179,"column":30}},"77":{"start":{"line":180,"column":6},"end":{"line":180,"column":48}},"78":{"start":{"line":183,"column":4},"end":{"line":183,"column":50}},"79":{"start":{"line":188,"column":0},"end":{"line":206,"column":1}},"80":{"start":{"line":189,"column":2},"end":{"line":205,"column":7}},"81":{"start":{"line":191,"column":6},"end":{"line":200,"column":9}},"82":{"start":{"line":192,"column":8},"end":{"line":192,"column":54}},"83":{"start":{"line":193,"column":8},"end":{"line":193,"column":58}},"84":{"start":{"line":194,"column":8},"end":{"line":194,"column":38}},"85":{"start":{"line":195,"column":8},"end":{"line":195,"column":59}},"86":{"start":{"line":196,"column":8},"end":{"line":196,"column":58}},"87":{"start":{"line":197,"column":8},"end":{"line":197,"column":62}},"88":{"start":{"line":198,"column":8},"end":{"line":198,"column":59}},"89":{"start":{"line":199,"column":8},"end":{"line":199,"column":61}},"90":{"start":{"line":203,"column":6},"end":{"line":203,"column":52}},"91":{"start":{"line":204,"column":6},"end":{"line":204,"column":22}},"92":{"start":{"line":209,"column":0},"end":{"line":213,"column":2}}},"fnMap":{"0":{"name":"(anonymous_0)","decl":{"start":{"line":24,"column":21},"end":{"line":24,"column":22}},"loc":{"start":{"line":24,"column":27},"end":{"line":159,"column":1}},"line":24},"1":{"name":"(anonymous_1)","decl":{"start":{"line":97,"column":13},"end":{"line":97,"column":14}},"loc":{"start":{"line":97,"column":27},"end":{"line":101,"column":1}},"line":97},"2":{"name":"(anonymous_2)","decl":{"start":{"line":104,"column":32},"end":{"line":104,"column":33}},"loc":{"start":{"line":104,"column":52},"end":{"line":142,"column":1}},"line":104},"3":{"name":"(anonymous_3)","decl":{"start":{"line":125,"column":41},"end":{"line":125,"column":42}},"loc":{"start":{"line":125,"column":50},"end":{"line":131,"column":7}},"line":125},"4":{"name":"(anonymous_4)","decl":{"start":{"line":150,"column":10},"end":{"line":150,"column":11}},"loc":{"start":{"line":150,"column":24},"end":{"line":152,"column":3}},"line":150},"5":{"name":"(anonymous_5)","decl":{"start":{"line":155,"column":10},"end":{"line":155,"column":11}},"loc":{"start":{"line":155,"column":35},"end":{"line":158,"column":3}},"line":155},"6":{"name":"(anonymous_6)","decl":{"start":{"line":162,"column":16},"end":{"line":162,"column":17}},"loc":{"start":{"line":162,"column":28},"end":{"line":172,"column":1}},"line":162},"7":{"name":"(anonymous_7)","decl":{"start":{"line":175,"column":16},"end":{"line":175,"column":17}},"loc":{"start":{"line":175,"column":28},"end":{"line":185,"column":1}},"line":175},"8":{"name":"(anonymous_8)","decl":{"start":{"line":190,"column":10},"end":{"line":190,"column":11}},"loc":{"start":{"line":190,"column":16},"end":{"line":201,"column":5}},"line":190},"9":{"name":"(anonymous_9)","decl":{"start":{"line":191,"column":23},"end":{"line":191,"column":24}},"loc":{"start":{"line":191,"column":29},"end":{"line":200,"column":7}},"line":191},"10":{"name":"(anonymous_10)","decl":{"start":{"line":202,"column":11},"end":{"line":202,"column":12}},"loc":{"start":{"line":202,"column":20},"end":{"line":205,"column":5}},"line":202}},"branchMap":{"0":{"loc":{"start":{"line":20,"column":13},"end":{"line":20,"column":37}},"type":"binary-expr","locations":[{"start":{"line":20,"column":13},"end":{"line":20,"column":29}},{"start":{"line":20,"column":33},"end":{"line":20,"column":37}}],"line":20},"1":{"loc":{"start":{"line":36,"column":14},"end":{"line":36,"column":43}},"type":"cond-expr","locations":[{"start":{"line":36,"column":29},"end":{"line":36,"column":35}},{"start":{"line":36,"column":38},"end":{"line":36,"column":43}}],"line":36},"2":{"loc":{"start":{"line":41,"column":0},"end":{"line":47,"column":1}},"type":"if","locations":[{"start":{"line":41,"column":0},"end":{"line":47,"column":1}},{"start":{},"end":{}}],"line":41},"3":{"loc":{"start":{"line":57,"column":0},"end":{"line":59,"column":1}},"type":"if","locations":[{"start":{"line":57,"column":0},"end":{"line":59,"column":1}},{"start":{},"end":{}}],"line":57},"4":{"loc":{"start":{"line":63,"column":10},"end":{"line":68,"column":56}},"type":"cond-expr","locations":[{"start":{"line":64,"column":6},"end":{"line":67,"column":7}},{"start":{"line":68,"column":6},"end":{"line":68,"column":56}}],"line":63},"5":{"loc":{"start":{"line":132,"column":19},"end":{"line":136,"column":14}},"type":"cond-expr","locations":[{"start":{"line":132,"column":33},"end":{"line":136,"column":7}},{"start":{"line":136,"column":10},"end":{"line":136,"column":14}}],"line":132},"6":{"loc":{"start":{"line":178,"column":4},"end":{"line":181,"column":5}},"type":"if","locations":[{"start":{"line":178,"column":4},"end":{"line":181,"column":5}},{"start":{},"end":{}}],"line":178},"7":{"loc":{"start":{"line":178,"column":8},"end":{"line":178,"column":23}},"type":"binary-expr","locations":[{"start":{"line":178,"column":8},"end":{"line":178,"column":10}},{"start":{"line":178,"column":14},"end":{"line":178,"column":23}}],"line":178},"8":{"loc":{"start":{"line":188,"column":0},"end":{"line":206,"column":1}},"type":"if","locations":[{"start":{"line":188,"column":0},"end":{"line":206,"column":1}},{"start":{},"end":{}}],"line":188}},"s":{"0":1,"1":1,"2":1,"3":1,"4":1,"5":1,"6":1,"7":1,"8":1,"9":1,"10":1,"11":1,"12":1,"13":1,"14":1,"15":1,"16":1,"17":1,"18":1,"19":1,"20":1,"21":1,"22":0,"23":1,"24":1,"25":1,"26":1,"27":1,"28":0,"29":1,"30":1,"31":1,"32":1,"33":1,"34":1,"35":1,"36":1,"37":1,"38":1,"39":1,"40":1,"41":1,"42":1,"43":1,"44":0,"45":0,"46":0,"47":1,"48":0,"49":0,"50":0,"51":0,"52":0,"53":0,"54":0,"55":0,"56":0,"57":0,"58":1,"59":1,"60":0,"61":1,"62":0,"63":0,"64":1,"65":1,"66":1,"67":1,"68":1,"69":1,"70":0,"71":0,"72":1,"73":1,"74":1,"75":1,"76":1,"77":1,"78":0,"79":1,"80":0,"81":0,"82":0,"83":0,"84":0,"85":0,"86":0,"87":0,"88":0,"89":0,"90":0,"91":0,"92":1},"f":{"0":1,"1":0,"2":0,"3":0,"4":0,"5":0,"6":1,"7":1,"8":0,"9":0,"10":0},"b":{"0":[1,0],"1":[0,1],"2":[0,1],"3":[0,1],"4":[0,1],"5":[0,0],"6":[1,0],"7":[1,1],"8":[0,1]},"_coverageSchema":"1a1c01bbd47fc00a2c39e90264f33305004495a9","hash":"cefdb6fdb8032d36826d1a380c1b292f13854734"}
,"C:\\BYUI\\CSE 340-341\\MovieWatchlist\\Movie_Watchlist\\backend\\config\\keys.js": {"path":"C:\\BYUI\\CSE 340-341\\MovieWatchlist\\Movie_Watchlist\\backend\\config\\keys.js","statementMap":{"0":{"start":{"line":2,"column":0},"end":{"line":2,"column":45}},"1":{"start":{"line":5,"column":1},"end":{"line":5,"column":71}},"2":{"start":{"line":7,"column":0},"end":{"line":25,"column":2}}},"fnMap":{},"branchMap":{"0":{"loc":{"start":{"line":5,"column":1},"end":{"line":5,"column":71}},"type":"binary-expr","locations":[{"start":{"line":5,"column":1},"end":{"line":5,"column":30}},{"start":{"line":5,"column":34},"end":{"line":5,"column":71}}],"line":5},"1":{"loc":{"start":{"line":12,"column":17},"end":{"line":15,"column":51}},"type":"cond-expr","locations":[{"start":{"line":13,"column":7},"end":{"line":13,"column":38}},{"start":{"line":14,"column":7},"end":{"line":15,"column":51}}],"line":12},"2":{"loc":{"start":{"line":14,"column":7},"end":{"line":15,"column":51}},"type":"binary-expr","locations":[{"start":{"line":14,"column":7},"end":{"line":14,"column":37}},{"start":{"line":15,"column":7},"end":{"line":15,"column":51}}],"line":14},"3":{"loc":{"start":{"line":18,"column":11},"end":{"line":18,"column":69}},"type":"binary-expr","locations":[{"start":{"line":18,"column":11},"end":{"line":18,"column":37}},{"start":{"line":18,"column":41},"end":{"line":18,"column":69}}],"line":18},"4":{"loc":{"start":{"line":22,"column":5},"end":{"line":22,"column":77}},"type":"binary-expr","locations":[{"start":{"line":22,"column":5},"end":{"line":22,"column":27}},{"start":{"line":22,"column":31},"end":{"line":22,"column":57}},{"start":{"line":22,"column":61},"end":{"line":22,"column":77}}],"line":22}},"s":{"0":1,"1":1,"2":1},"f":{},"b":{"0":[1,1],"1":[0,1],"2":[1,0],"3":[1,0],"4":[1,0,0]},"_coverageSchema":"1a1c01bbd47fc00a2c39e90264f33305004495a9","hash":"1b2aff0dee9a297649a6bdc9eff4aaff34ae1c29"}
,"C:\\BYUI\\CSE 340-341\\MovieWatchlist\\Movie_Watchlist\\backend\\config\\passport.js": {"path":"C:\\BYUI\\CSE 340-341\\MovieWatchlist\\Movie_Watchlist\\backend\\config\\passport.js","statementMap":{"0":{"start":{"line":1,"column":17},"end":{"line":1,"column":36}},"1":{"start":{"line":2,"column":23},"end":{"line":2,"column":66}},"2":{"start":{"line":3,"column":13},"end":{"line":3,"column":30}},"3":{"start":{"line":4,"column":16},"end":{"line":4,"column":40}},"4":{"start":{"line":7,"column":0},"end":{"line":9,"column":3}},"5":{"start":{"line":8,"column":1},"end":{"line":8,"column":33}},"6":{"start":{"line":12,"column":0},"end":{"line":23,"column":3}},"7":{"start":{"line":13,"column":1},"end":{"line":22,"column":2}},"8":{"start":{"line":14,"column":24},"end":{"line":14,"column":42}},"9":{"start":{"line":15,"column":14},"end":{"line":15,"column":29}},"10":{"start":{"line":16,"column":16},"end":{"line":18,"column":40}},"11":{"start":{"line":19,"column":3},"end":{"line":19,"column":20}},"12":{"start":{"line":21,"column":3},"end":{"line":21,"column":19}},"13":{"start":{"line":26,"column":0},"end":{"line":97,"column":2}},"14":{"start":{"line":35,"column":5},"end":{"line":94,"column":6}},"15":{"start":{"line":36,"column":7},"end":{"line":36,"column":59}},"16":{"start":{"line":38,"column":18},"end":{"line":38,"column":33}},"17":{"start":{"line":41,"column":18},"end":{"line":43,"column":43}},"18":{"start":{"line":45,"column":7},"end":{"line":90,"column":8}},"19":{"start":{"line":47,"column":9},"end":{"line":47,"column":57}},"20":{"start":{"line":48,"column":9},"end":{"line":48,"column":33}},"21":{"start":{"line":51,"column":9},"end":{"line":51,"column":62}},"22":{"start":{"line":54,"column":23},"end":{"line":54,"column":33}},"23":{"start":{"line":55,"column":31},"end":{"line":55,"column":156}},"24":{"start":{"line":58,"column":27},"end":{"line":58,"column":55}},"25":{"start":{"line":59,"column":26},"end":{"line":59,"column":55}},"26":{"start":{"line":61,"column":11},"end":{"line":61,"column":67}},"27":{"start":{"line":63,"column":25},"end":{"line":79,"column":10}},"28":{"start":{"line":81,"column":24},"end":{"line":81,"column":71}},"29":{"start":{"line":84,"column":29},"end":{"line":86,"column":47}},"30":{"start":{"line":88,"column":9},"end":{"line":88,"column":61}},"31":{"start":{"line":89,"column":9},"end":{"line":89,"column":40}},"32":{"start":{"line":92,"column":7},"end":{"line":92,"column":55}},"33":{"start":{"line":93,"column":7},"end":{"line":93,"column":30}},"34":{"start":{"line":99,"column":0},"end":{"line":99,"column":26}}},"fnMap":{"0":{"name":"(anonymous_0)","decl":{"start":{"line":7,"column":23},"end":{"line":7,"column":24}},"loc":{"start":{"line":7,"column":39},"end":{"line":9,"column":1}},"line":7},"1":{"name":"(anonymous_1)","decl":{"start":{"line":12,"column":25},"end":{"line":12,"column":26}},"loc":{"start":{"line":12,"column":45},"end":{"line":23,"column":1}},"line":12},"2":{"name":"(anonymous_2)","decl":{"start":{"line":34,"column":3},"end":{"line":34,"column":4}},"loc":{"start":{"line":34,"column":55},"end":{"line":95,"column":4}},"line":34}},"branchMap":{"0":{"loc":{"start":{"line":45,"column":7},"end":{"line":90,"column":8}},"type":"if","locations":[{"start":{"line":45,"column":7},"end":{"line":90,"column":8}},{"start":{"line":49,"column":14},"end":{"line":90,"column":8}}],"line":45},"1":{"loc":{"start":{"line":58,"column":27},"end":{"line":58,"column":55}},"type":"binary-expr","locations":[{"start":{"line":58,"column":27},"end":{"line":58,"column":49}},{"start":{"line":58,"column":53},"end":{"line":58,"column":55}}],"line":58},"2":{"loc":{"start":{"line":59,"column":26},"end":{"line":59,"column":55}},"type":"binary-expr","locations":[{"start":{"line":59,"column":26},"end":{"line":59,"column":49}},{"start":{"line":59,"column":53},"end":{"line":59,"column":55}}],"line":59},"3":{"loc":{"start":{"line":61,"column":11},"end":{"line":61,"column":67}},"type":"binary-expr","locations":[{"start":{"line":61,"column":11},"end":{"line":61,"column":30}},{"start":{"line":61,"column":34},"end":{"line":61,"column":67}}],"line":61},"4":{"loc":{"start":{"line":69,"column":13},"end":{"line":71,"column":19}},"type":"cond-expr","locations":[{"start":{"line":70,"column":17},"end":{"line":70,"column":40}},{"start":{"line":71,"column":17},"end":{"line":71,"column":19}}],"line":69},"5":{"loc":{"start":{"line":69,"column":13},"end":{"line":69,"column":48}},"type":"binary-expr","locations":[{"start":{"line":69,"column":13},"end":{"line":69,"column":27}},{"start":{"line":69,"column":31},"end":{"line":69,"column":48}}],"line":69},"6":{"loc":{"start":{"line":74,"column":13},"end":{"line":76,"column":21}},"type":"cond-expr","locations":[{"start":{"line":75,"column":17},"end":{"line":75,"column":40}},{"start":{"line":76,"column":17},"end":{"line":76,"column":21}}],"line":74},"7":{"loc":{"start":{"line":74,"column":13},"end":{"line":74,"column":48}},"type":"binary-expr","locations":[{"start":{"line":74,"column":13},"end":{"line":74,"column":27}},{"start":{"line":74,"column":31},"end":{"line":74,"column":48}}],"line":74}},"s":{"0":1,"1":1,"2":1,"3":1,"4":1,"5":0,"6":1,"7":0,"8":0,"9":0,"10":0,"11":0,"12":0,"13":1,"14":0,"15":0,"16":0,"17":0,"18":0,"19":0,"20":0,"21":0,"22":0,"23":0,"24":0,"25":0,"26":0,"27":0,"28":0,"29":0,"30":0,"31":0,"32":0,"33":0,"34":1},"f":{"0":0,"1":0,"2":0},"b":{"0":[0,0],"1":[0,0],"2":[0,0],"3":[0,0],"4":[0,0],"5":[0,0],"6":[0,0],"7":[0,0]},"_coverageSchema":"1a1c01bbd47fc00a2c39e90264f33305004495a9","hash":"45b343bc5a882bfccaf7c4072e19b01b08aa5bf7"}
,"C:\\BYUI\\CSE 340-341\\MovieWatchlist\\Movie_Watchlist\\backend\\controllers\\awards.js": {"path":"C:\\BYUI\\CSE 340-341\\MovieWatchlist\\Movie_Watchlist\\backend\\controllers\\awards.js","statementMap":{"0":{"start":{"line":1,"column":21},"end":{"line":1,"column":39}},"1":{"start":{"line":2,"column":16},"end":{"line":2,"column":40}},"2":{"start":{"line":5,"column":21},"end":{"line":44,"column":1}},"3":{"start":{"line":6,"column":2},"end":{"line":43,"column":3}},"4":{"start":{"line":7,"column":19},"end":{"line":37,"column":16}},"5":{"start":{"line":39,"column":4},"end":{"line":39,"column":33}},"6":{"start":{"line":41,"column":4},"end":{"line":41,"column":49}},"7":{"start":{"line":42,"column":4},"end":{"line":42,"column":51}},"8":{"start":{"line":47,"column":27},"end":{"line":93,"column":1}},"9":{"start":{"line":48,"column":2},"end":{"line":92,"column":3}},"10":{"start":{"line":49,"column":25},"end":{"line":49,"column":43}},"11":{"start":{"line":51,"column":19},"end":{"line":86,"column":16}},"12":{"start":{"line":88,"column":4},"end":{"line":88,"column":33}},"13":{"start":{"line":90,"column":4},"end":{"line":90,"column":55}},"14":{"start":{"line":91,"column":4},"end":{"line":91,"column":51}},"15":{"start":{"line":96,"column":21},"end":{"line":151,"column":1}},"16":{"start":{"line":97,"column":2},"end":{"line":150,"column":3}},"17":{"start":{"line":98,"column":20},"end":{"line":98,"column":33}},"18":{"start":{"line":102,"column":4},"end":{"line":106,"column":5}},"19":{"start":{"line":103,"column":6},"end":{"line":103,"column":39}},"20":{"start":{"line":105,"column":6},"end":{"line":105,"column":22}},"21":{"start":{"line":108,"column":27},"end":{"line":110,"column":24}},"22":{"start":{"line":112,"column":19},"end":{"line":140,"column":16}},"23":{"start":{"line":142,"column":4},"end":{"line":144,"column":5}},"24":{"start":{"line":143,"column":6},"end":{"line":143,"column":66}},"25":{"start":{"line":146,"column":4},"end":{"line":146,"column":36}},"26":{"start":{"line":148,"column":4},"end":{"line":148,"column":49}},"27":{"start":{"line":149,"column":4},"end":{"line":149,"column":51}},"28":{"start":{"line":154,"column":20},"end":{"line":234,"column":1}},"29":{"start":{"line":155,"column":2},"end":{"line":233,"column":3}},"30":{"start":{"line":156,"column":20},"end":{"line":156,"column":36}},"31":{"start":{"line":158,"column":4},"end":{"line":158,"column":55}},"32":{"start":{"line":159,"column":4},"end":{"line":159,"column":44}},"33":{"start":{"line":162,"column":16},"end":{"line":162,"column":20}},"34":{"start":{"line":165,"column":4},"end":{"line":168,"column":33}},"35":{"start":{"line":170,"column":4},"end":{"line":170,"column":64}},"36":{"start":{"line":173,"column":4},"end":{"line":185,"column":5}},"37":{"start":{"line":174,"column":6},"end":{"line":184,"column":7}},"38":{"start":{"line":175,"column":30},"end":{"line":175,"column":51}},"39":{"start":{"line":176,"column":8},"end":{"line":176,"column":58}},"40":{"start":{"line":177,"column":8},"end":{"line":180,"column":43}},"41":{"start":{"line":181,"column":8},"end":{"line":181,"column":70}},"42":{"start":{"line":183,"column":8},"end":{"line":183,"column":59}},"43":{"start":{"line":187,"column":4},"end":{"line":195,"column":5}},"44":{"start":{"line":188,"column":6},"end":{"line":194,"column":9}},"45":{"start":{"line":197,"column":4},"end":{"line":197,"column":45}},"46":{"start":{"line":199,"column":18},"end":{"line":206,"column":5}},"47":{"start":{"line":209,"column":4},"end":{"line":211,"column":5}},"48":{"start":{"line":210,"column":6},"end":{"line":210,"column":74}},"49":{"start":{"line":214,"column":24},"end":{"line":214,"column":48}},"50":{"start":{"line":215,"column":4},"end":{"line":219,"column":5}},"51":{"start":{"line":216,"column":6},"end":{"line":218,"column":9}},"52":{"start":{"line":221,"column":21},"end":{"line":224,"column":23}},"53":{"start":{"line":226,"column":4},"end":{"line":229,"column":7}},"54":{"start":{"line":231,"column":4},"end":{"line":231,"column":48}},"55":{"start":{"line":232,"column":4},"end":{"line":232,"column":51}},"56":{"start":{"line":237,"column":20},"end":{"line":291,"column":1}},"57":{"start":{"line":238,"column":2},"end":{"line":290,"column":3}},"58":{"start":{"line":239,"column":20},"end":{"line":239,"column":33}},"59":{"start":{"line":243,"column":4},"end":{"line":247,"column":5}},"60":{"start":{"line":244,"column":6},"end":{"line":244,"column":39}},"61":{"start":{"line":246,"column":6},"end":{"line":246,"column":22}},"62":{"start":{"line":249,"column":18},"end":{"line":251,"column":24}},"63":{"start":{"line":253,"column":18},"end":{"line":259,"column":5}},"64":{"start":{"line":262,"column":4},"end":{"line":269,"column":5}},"65":{"start":{"line":263,"column":26},"end":{"line":263,"column":50}},"66":{"start":{"line":264,"column":6},"end":{"line":268,"column":7}},"67":{"start":{"line":265,"column":8},"end":{"line":267,"column":11}},"68":{"start":{"line":271,"column":21},"end":{"line":274,"column":40}},"69":{"start":{"line":276,"column":4},"end":{"line":278,"column":5}},"70":{"start":{"line":277,"column":6},"end":{"line":277,"column":66}},"71":{"start":{"line":280,"column":4},"end":{"line":284,"column":5}},"72":{"start":{"line":281,"column":6},"end":{"line":283,"column":63}},"73":{"start":{"line":286,"column":4},"end":{"line":286,"column":68}},"74":{"start":{"line":288,"column":4},"end":{"line":288,"column":48}},"75":{"start":{"line":289,"column":4},"end":{"line":289,"column":51}},"76":{"start":{"line":294,"column":20},"end":{"line":324,"column":1}},"77":{"start":{"line":295,"column":2},"end":{"line":323,"column":3}},"78":{"start":{"line":296,"column":20},"end":{"line":296,"column":33}},"79":{"start":{"line":300,"column":4},"end":{"line":304,"column":5}},"80":{"start":{"line":301,"column":6},"end":{"line":301,"column":39}},"81":{"start":{"line":303,"column":6},"end":{"line":303,"column":22}},"82":{"start":{"line":306,"column":18},"end":{"line":308,"column":24}},"83":{"start":{"line":310,"column":21},"end":{"line":313,"column":23}},"84":{"start":{"line":315,"column":4},"end":{"line":319,"column":5}},"85":{"start":{"line":316,"column":6},"end":{"line":316,"column":66}},"86":{"start":{"line":318,"column":6},"end":{"line":318,"column":77}},"87":{"start":{"line":321,"column":4},"end":{"line":321,"column":48}},"88":{"start":{"line":322,"column":4},"end":{"line":322,"column":51}},"89":{"start":{"line":326,"column":0},"end":{"line":333,"column":2}}},"fnMap":{"0":{"name":"(anonymous_0)","decl":{"start":{"line":5,"column":21},"end":{"line":5,"column":22}},"loc":{"start":{"line":5,"column":41},"end":{"line":44,"column":1}},"line":5},"1":{"name":"(anonymous_1)","decl":{"start":{"line":47,"column":27},"end":{"line":47,"column":28}},"loc":{"start":{"line":47,"column":47},"end":{"line":93,"column":1}},"line":47},"2":{"name":"(anonymous_2)","decl":{"start":{"line":96,"column":21},"end":{"line":96,"column":22}},"loc":{"start":{"line":96,"column":41},"end":{"line":151,"column":1}},"line":96},"3":{"name":"(anonymous_3)","decl":{"start":{"line":154,"column":20},"end":{"line":154,"column":21}},"loc":{"start":{"line":154,"column":40},"end":{"line":234,"column":1}},"line":154},"4":{"name":"(anonymous_4)","decl":{"start":{"line":237,"column":20},"end":{"line":237,"column":21}},"loc":{"start":{"line":237,"column":40},"end":{"line":291,"column":1}},"line":237},"5":{"name":"(anonymous_5)","decl":{"start":{"line":294,"column":20},"end":{"line":294,"column":21}},"loc":{"start":{"line":294,"column":40},"end":{"line":324,"column":1}},"line":294}},"branchMap":{"0":{"loc":{"start":{"line":108,"column":27},"end":{"line":110,"column":24}},"type":"cond-expr","locations":[{"start":{"line":109,"column":8},"end":{"line":109,"column":54}},{"start":{"line":110,"column":8},"end":{"line":110,"column":24}}],"line":108},"1":{"loc":{"start":{"line":142,"column":4},"end":{"line":144,"column":5}},"type":"if","locations":[{"start":{"line":142,"column":4},"end":{"line":144,"column":5}},{"start":{},"end":{}}],"line":142},"2":{"loc":{"start":{"line":142,"column":8},"end":{"line":142,"column":38}},"type":"binary-expr","locations":[{"start":{"line":142,"column":8},"end":{"line":142,"column":15}},{"start":{"line":142,"column":19},"end":{"line":142,"column":38}}],"line":142},"3":{"loc":{"start":{"line":170,"column":42},"end":{"line":170,"column":62}},"type":"cond-expr","locations":[{"start":{"line":170,"column":50},"end":{"line":170,"column":55}},{"start":{"line":170,"column":58},"end":{"line":170,"column":62}}],"line":170},"4":{"loc":{"start":{"line":173,"column":4},"end":{"line":185,"column":5}},"type":"if","locations":[{"start":{"line":173,"column":4},"end":{"line":185,"column":5}},{"start":{},"end":{}}],"line":173},"5":{"loc":{"start":{"line":181,"column":48},"end":{"line":181,"column":68}},"type":"cond-expr","locations":[{"start":{"line":181,"column":56},"end":{"line":181,"column":61}},{"start":{"line":181,"column":64},"end":{"line":181,"column":68}}],"line":181},"6":{"loc":{"start":{"line":187,"column":4},"end":{"line":195,"column":5}},"type":"if","locations":[{"start":{"line":187,"column":4},"end":{"line":195,"column":5}},{"start":{},"end":{}}],"line":187},"7":{"loc":{"start":{"line":204,"column":14},"end":{"line":204,"column":38}},"type":"binary-expr","locations":[{"start":{"line":204,"column":14},"end":{"line":204,"column":29}},{"start":{"line":204,"column":33},"end":{"line":204,"column":38}}],"line":204},"8":{"loc":{"start":{"line":209,"column":4},"end":{"line":211,"column":5}},"type":"if","locations":[{"start":{"line":209,"column":4},"end":{"line":211,"column":5}},{"start":{},"end":{}}],"line":209},"9":{"loc":{"start":{"line":209,"column":8},"end":{"line":209,"column":96}},"type":"binary-expr","locations":[{"start":{"line":209,"column":8},"end":{"line":209,"column":22}},{"start":{"line":209,"column":26},"end":{"line":209,"column":42}},{"start":{"line":209,"column":46},"end":{"line":209,"column":61}},{"start":{"line":209,"column":65},"end":{"line":209,"column":76}},{"start":{"line":209,"column":80},"end":{"line":209,"column":96}}],"line":209},"10":{"loc":{"start":{"line":215,"column":4},"end":{"line":219,"column":5}},"type":"if","locations":[{"start":{"line":215,"column":4},"end":{"line":219,"column":5}},{"start":{},"end":{}}],"line":215},"11":{"loc":{"start":{"line":215,"column":8},"end":{"line":215,"column":57}},"type":"binary-expr","locations":[{"start":{"line":215,"column":8},"end":{"line":215,"column":25}},{"start":{"line":215,"column":29},"end":{"line":215,"column":57}}],"line":215},"12":{"loc":{"start":{"line":249,"column":18},"end":{"line":251,"column":24}},"type":"cond-expr","locations":[{"start":{"line":250,"column":8},"end":{"line":250,"column":54}},{"start":{"line":251,"column":8},"end":{"line":251,"column":24}}],"line":249},"13":{"loc":{"start":{"line":262,"column":4},"end":{"line":269,"column":5}},"type":"if","locations":[{"start":{"line":262,"column":4},"end":{"line":269,"column":5}},{"start":{},"end":{}}],"line":262},"14":{"loc":{"start":{"line":264,"column":6},"end":{"line":268,"column":7}},"type":"if","locations":[{"start":{"line":264,"column":6},"end":{"line":268,"column":7}},{"start":{},"end":{}}],"line":264},"15":{"loc":{"start":{"line":264,"column":10},"end":{"line":264,"column":59}},"type":"binary-expr","locations":[{"start":{"line":264,"column":10},"end":{"line":264,"column":27}},{"start":{"line":264,"column":31},"end":{"line":264,"column":59}}],"line":264},"16":{"loc":{"start":{"line":276,"column":4},"end":{"line":278,"column":5}},"type":"if","locations":[{"start":{"line":276,"column":4},"end":{"line":278,"column":5}},{"start":{},"end":{}}],"line":276},"17":{"loc":{"start":{"line":280,"column":4},"end":{"line":284,"column":5}},"type":"if","locations":[{"start":{"line":280,"column":4},"end":{"line":284,"column":5}},{"start":{},"end":{}}],"line":280},"18":{"loc":{"start":{"line":306,"column":18},"end":{"line":308,"column":24}},"type":"cond-expr","locations":[{"start":{"line":307,"column":8},"end":{"line":307,"column":54}},{"start":{"line":308,"column":8},"end":{"line":308,"column":24}}],"line":306},"19":{"loc":{"start":{"line":315,"column":4},"end":{"line":319,"column":5}},"type":"if","locations":[{"start":{"line":315,"column":4},"end":{"line":319,"column":5}},{"start":{"line":317,"column":11},"end":{"line":319,"column":5}}],"line":315}},"s":{"0":1,"1":1,"2":1,"3":0,"4":0,"5":0,"6":0,"7":0,"8":1,"9":0,"10":0,"11":0,"12":0,"13":0,"14":0,"15":1,"16":0,"17":0,"18":0,"19":0,"20":0,"21":0,"22":0,"23":0,"24":0,"25":0,"26":0,"27":0,"28":1,"29":0,"30":0,"31":0,"32":0,"33":0,"34":0,"35":0,"36":0,"37":0,"38":0,"39":0,"40":0,"41":0,"42":0,"43":0,"44":0,"45":0,"46":0,"47":0,"48":0,"49":0,"50":0,"51":0,"52":0,"53":0,"54":0,"55":0,"56":1,"57":0,"58":0,"59":0,"60":0,"61":0,"62":0,"63":0,"64":0,"65":0,"66":0,"67":0,"68":0,"69":0,"70":0,"71":0,"72":0,"73":0,"74":0,"75":0,"76":1,"77":0,"78":0,"79":0,"80":0,"81":0,"82":0,"83":0,"84":0,"85":0,"86":0,"87":0,"88":0,"89":1},"f":{"0":0,"1":0,"2":0,"3":0,"4":0,"5":0},"b":{"0":[0,0],"1":[0,0],"2":[0,0],"3":[0,0],"4":[0,0],"5":[0,0],"6":[0,0],"7":[0,0],"8":[0,0],"9":[0,0,0,0,0],"10":[0,0],"11":[0,0],"12":[0,0],"13":[0,0],"14":[0,0],"15":[0,0],"16":[0,0],"17":[0,0],"18":[0,0],"19":[0,0]},"_coverageSchema":"1a1c01bbd47fc00a2c39e90264f33305004495a9","hash":"1a0507fc6c73b553ca30c6302381c6e820dc95b6"}
,"C:\\BYUI\\CSE 340-341\\MovieWatchlist\\Movie_Watchlist\\backend\\controllers\\movies.js": {"path":"C:\\BYUI\\CSE 340-341\\MovieWatchlist\\Movie_Watchlist\\backend\\controllers\\movies.js","statementMap":{"0":{"start":{"line":1,"column":21},"end":{"line":1,"column":39}},"1":{"start":{"line":2,"column":16},"end":{"line":2,"column":40}},"2":{"start":{"line":5,"column":21},"end":{"line":18,"column":1}},"3":{"start":{"line":6,"column":2},"end":{"line":17,"column":3}},"4":{"start":{"line":8,"column":19},"end":{"line":12,"column":16}},"5":{"start":{"line":14,"column":4},"end":{"line":14,"column":33}},"6":{"start":{"line":16,"column":4},"end":{"line":16,"column":51}},"7":{"start":{"line":21,"column":21},"end":{"line":38,"column":1}},"8":{"start":{"line":22,"column":2},"end":{"line":37,"column":3}},"9":{"start":{"line":23,"column":20},"end":{"line":23,"column":47}},"10":{"start":{"line":25,"column":19},"end":{"line":28,"column":32}},"11":{"start":{"line":30,"column":4},"end":{"line":34,"column":5}},"12":{"start":{"line":31,"column":6},"end":{"line":31,"column":59}},"13":{"start":{"line":33,"column":6},"end":{"line":33,"column":35}},"14":{"start":{"line":36,"column":4},"end":{"line":36,"column":51}},"15":{"start":{"line":41,"column":20},"end":{"line":102,"column":1}},"16":{"start":{"line":42,"column":2},"end":{"line":101,"column":3}},"17":{"start":{"line":43,"column":18},"end":{"line":51,"column":5}},"18":{"start":{"line":54,"column":26},"end":{"line":61,"column":8}},"19":{"start":{"line":63,"column":4},"end":{"line":67,"column":5}},"20":{"start":{"line":64,"column":6},"end":{"line":66,"column":9}},"21":{"start":{"line":70,"column":4},"end":{"line":80,"column":5}},"22":{"start":{"line":79,"column":6},"end":{"line":79,"column":74}},"23":{"start":{"line":83,"column":25},"end":{"line":83,"column":83}},"24":{"start":{"line":84,"column":4},"end":{"line":88,"column":5}},"25":{"start":{"line":85,"column":6},"end":{"line":87,"column":9}},"26":{"start":{"line":90,"column":21},"end":{"line":93,"column":23}},"27":{"start":{"line":95,"column":4},"end":{"line":98,"column":7}},"28":{"start":{"line":100,"column":4},"end":{"line":100,"column":51}},"29":{"start":{"line":105,"column":20},"end":{"line":173,"column":1}},"30":{"start":{"line":106,"column":2},"end":{"line":172,"column":3}},"31":{"start":{"line":107,"column":20},"end":{"line":107,"column":47}},"32":{"start":{"line":110,"column":25},"end":{"line":110,"column":27}},"33":{"start":{"line":112,"column":4},"end":{"line":112,"column":74}},"34":{"start":{"line":112,"column":38},"end":{"line":112,"column":74}},"35":{"start":{"line":113,"column":4},"end":{"line":113,"column":83}},"36":{"start":{"line":113,"column":41},"end":{"line":113,"column":83}},"37":{"start":{"line":114,"column":4},"end":{"line":114,"column":74}},"38":{"start":{"line":114,"column":38},"end":{"line":114,"column":74}},"39":{"start":{"line":115,"column":4},"end":{"line":115,"column":92}},"40":{"start":{"line":115,"column":44},"end":{"line":115,"column":92}},"41":{"start":{"line":116,"column":4},"end":{"line":116,"column":80}},"42":{"start":{"line":116,"column":40},"end":{"line":116,"column":80}},"43":{"start":{"line":117,"column":4},"end":{"line":117,"column":77}},"44":{"start":{"line":117,"column":39},"end":{"line":117,"column":77}},"45":{"start":{"line":118,"column":4},"end":{"line":118,"column":71}},"46":{"start":{"line":118,"column":37},"end":{"line":118,"column":71}},"47":{"start":{"line":121,"column":4},"end":{"line":128,"column":5}},"48":{"start":{"line":122,"column":27},"end":{"line":122,"column":85}},"49":{"start":{"line":123,"column":6},"end":{"line":127,"column":7}},"50":{"start":{"line":124,"column":8},"end":{"line":126,"column":11}},"51":{"start":{"line":131,"column":4},"end":{"line":147,"column":5}},"52":{"start":{"line":132,"column":28},"end":{"line":140,"column":10}},"53":{"start":{"line":142,"column":6},"end":{"line":146,"column":7}},"54":{"start":{"line":143,"column":8},"end":{"line":145,"column":11}},"55":{"start":{"line":150,"column":4},"end":{"line":152,"column":5}},"56":{"start":{"line":151,"column":6},"end":{"line":151,"column":70}},"57":{"start":{"line":154,"column":21},"end":{"line":157,"column":58}},"58":{"start":{"line":159,"column":4},"end":{"line":161,"column":5}},"59":{"start":{"line":160,"column":6},"end":{"line":160,"column":66}},"60":{"start":{"line":163,"column":4},"end":{"line":167,"column":5}},"61":{"start":{"line":164,"column":6},"end":{"line":166,"column":63}},"62":{"start":{"line":169,"column":4},"end":{"line":169,"column":68}},"63":{"start":{"line":171,"column":4},"end":{"line":171,"column":51}},"64":{"start":{"line":176,"column":20},"end":{"line":193,"column":1}},"65":{"start":{"line":177,"column":2},"end":{"line":192,"column":3}},"66":{"start":{"line":178,"column":20},"end":{"line":178,"column":47}},"67":{"start":{"line":180,"column":21},"end":{"line":183,"column":34}},"68":{"start":{"line":185,"column":4},"end":{"line":189,"column":5}},"69":{"start":{"line":186,"column":6},"end":{"line":186,"column":59}},"70":{"start":{"line":188,"column":6},"end":{"line":188,"column":70}},"71":{"start":{"line":191,"column":4},"end":{"line":191,"column":51}},"72":{"start":{"line":195,"column":0},"end":{"line":201,"column":2}}},"fnMap":{"0":{"name":"(anonymous_0)","decl":{"start":{"line":5,"column":21},"end":{"line":5,"column":22}},"loc":{"start":{"line":5,"column":41},"end":{"line":18,"column":1}},"line":5},"1":{"name":"(anonymous_1)","decl":{"start":{"line":21,"column":21},"end":{"line":21,"column":22}},"loc":{"start":{"line":21,"column":41},"end":{"line":38,"column":1}},"line":21},"2":{"name":"(anonymous_2)","decl":{"start":{"line":41,"column":20},"end":{"line":41,"column":21}},"loc":{"start":{"line":41,"column":40},"end":{"line":102,"column":1}},"line":41},"3":{"name":"(anonymous_3)","decl":{"start":{"line":105,"column":20},"end":{"line":105,"column":21}},"loc":{"start":{"line":105,"column":40},"end":{"line":173,"column":1}},"line":105},"4":{"name":"(anonymous_4)","decl":{"start":{"line":176,"column":20},"end":{"line":176,"column":21}},"loc":{"start":{"line":176,"column":40},"end":{"line":193,"column":1}},"line":176}},"branchMap":{"0":{"loc":{"start":{"line":30,"column":4},"end":{"line":34,"column":5}},"type":"if","locations":[{"start":{"line":30,"column":4},"end":{"line":34,"column":5}},{"start":{"line":32,"column":11},"end":{"line":34,"column":5}}],"line":30},"1":{"loc":{"start":{"line":63,"column":4},"end":{"line":67,"column":5}},"type":"if","locations":[{"start":{"line":63,"column":4},"end":{"line":67,"column":5}},{"start":{},"end":{}}],"line":63},"2":{"loc":{"start":{"line":70,"column":4},"end":{"line":80,"column":5}},"type":"if","locations":[{"start":{"line":70,"column":4},"end":{"line":80,"column":5}},{"start":{},"end":{}}],"line":70},"3":{"loc":{"start":{"line":71,"column":6},"end":{"line":77,"column":17}},"type":"binary-expr","locations":[{"start":{"line":71,"column":6},"end":{"line":71,"column":18}},{"start":{"line":72,"column":6},"end":{"line":72,"column":21}},{"start":{"line":73,"column":6},"end":{"line":73,"column":18}},{"start":{"line":74,"column":6},"end":{"line":74,"column":24}},{"start":{"line":75,"column":6},"end":{"line":75,"column":20}},{"start":{"line":76,"column":6},"end":{"line":76,"column":19}},{"start":{"line":77,"column":6},"end":{"line":77,"column":17}}],"line":71},"4":{"loc":{"start":{"line":84,"column":4},"end":{"line":88,"column":5}},"type":"if","locations":[{"start":{"line":84,"column":4},"end":{"line":88,"column":5}},{"start":{},"end":{}}],"line":84},"5":{"loc":{"start":{"line":112,"column":4},"end":{"line":112,"column":74}},"type":"if","locations":[{"start":{"line":112,"column":4},"end":{"line":112,"column":74}},{"start":{},"end":{}}],"line":112},"6":{"loc":{"start":{"line":113,"column":4},"end":{"line":113,"column":83}},"type":"if","locations":[{"start":{"line":113,"column":4},"end":{"line":113,"column":83}},{"start":{},"end":{}}],"line":113},"7":{"loc":{"start":{"line":114,"column":4},"end":{"line":114,"column":74}},"type":"if","locations":[{"start":{"line":114,"column":4},"end":{"line":114,"column":74}},{"start":{},"end":{}}],"line":114},"8":{"loc":{"start":{"line":115,"column":4},"end":{"line":115,"column":92}},"type":"if","locations":[{"start":{"line":115,"column":4},"end":{"line":115,"column":92}},{"start":{},"end":{}}],"line":115},"9":{"loc":{"start":{"line":116,"column":4},"end":{"line":116,"column":80}},"type":"if","locations":[{"start":{"line":116,"column":4},"end":{"line":116,"column":80}},{"start":{},"end":{}}],"line":116},"10":{"loc":{"start":{"line":117,"column":4},"end":{"line":117,"column":77}},"type":"if","locations":[{"start":{"line":117,"column":4},"end":{"line":117,"column":77}},{"start":{},"end":{}}],"line":117},"11":{"loc":{"start":{"line":118,"column":4},"end":{"line":118,"column":71}},"type":"if","locations":[{"start":{"line":118,"column":4},"end":{"line":118,"column":71}},{"start":{},"end":{}}],"line":118},"12":{"loc":{"start":{"line":121,"column":4},"end":{"line":128,"column":5}},"type":"if","locations":[{"start":{"line":121,"column":4},"end":{"line":128,"column":5}},{"start":{},"end":{}}],"line":121},"13":{"loc":{"start":{"line":123,"column":6},"end":{"line":127,"column":7}},"type":"if","locations":[{"start":{"line":123,"column":6},"end":{"line":127,"column":7}},{"start":{},"end":{}}],"line":123},"14":{"loc":{"start":{"line":131,"column":4},"end":{"line":147,"column":5}},"type":"if","locations":[{"start":{"line":131,"column":4},"end":{"line":147,"column":5}},{"start":{},"end":{}}],"line":131},"15":{"loc":{"start":{"line":131,"column":8},"end":{"line":131,"column":67}},"type":"binary-expr","locations":[{"start":{"line":131,"column":8},"end":{"line":131,"column":22}},{"start":{"line":131,"column":26},"end":{"line":131,"column":43}},{"start":{"line":131,"column":47},"end":{"line":131,"column":67}}],"line":131},"16":{"loc":{"start":{"line":136,"column":17},"end":{"line":136,"column":52}},"type":"binary-expr","locations":[{"start":{"line":136,"column":17},"end":{"line":136,"column":31}},{"start":{"line":136,"column":35},"end":{"line":136,"column":52}}],"line":136},"17":{"loc":{"start":{"line":137,"column":20},"end":{"line":137,"column":58}},"type":"binary-expr","locations":[{"start":{"line":137,"column":20},"end":{"line":137,"column":37}},{"start":{"line":137,"column":41},"end":{"line":137,"column":58}}],"line":137},"18":{"loc":{"start":{"line":138,"column":23},"end":{"line":138,"column":64}},"type":"binary-expr","locations":[{"start":{"line":138,"column":23},"end":{"line":138,"column":43}},{"start":{"line":138,"column":47},"end":{"line":138,"column":64}}],"line":138},"19":{"loc":{"start":{"line":142,"column":6},"end":{"line":146,"column":7}},"type":"if","locations":[{"start":{"line":142,"column":6},"end":{"line":146,"column":7}},{"start":{},"end":{}}],"line":142},"20":{"loc":{"start":{"line":150,"column":4},"end":{"line":152,"column":5}},"type":"if","locations":[{"start":{"line":150,"column":4},"end":{"line":152,"column":5}},{"start":{},"end":{}}],"line":150},"21":{"loc":{"start":{"line":159,"column":4},"end":{"line":161,"column":5}},"type":"if","locations":[{"start":{"line":159,"column":4},"end":{"line":161,"column":5}},{"start":{},"end":{}}],"line":159},"22":{"loc":{"start":{"line":163,"column":4},"end":{"line":167,"column":5}},"type":"if","locations":[{"start":{"line":163,"column":4},"end":{"line":167,"column":5}},{"start":{},"end":{}}],"line":163},"23":{"loc":{"start":{"line":185,"column":4},"end":{"line":189,"column":5}},"type":"if","locations":[{"start":{"line":185,"column":4},"end":{"line":189,"column":5}},{"start":{"line":187,"column":11},"end":{"line":189,"column":5}}],"line":185}},"s":{"0":1,"1":1,"2":1,"3":0,"4":0,"5":0,"6":0,"7":1,"8":0,"9":0,"10":0,"11":0,"12":0,"13":0,"14":0,"15":1,"16":0,"17":0,"18":0,"19":0,"20":0,"21":0,"22":0,"23":0,"24":0,"25":0,"26":0,"27":0,"28":0,"29":1,"30":0,"31":0,"32":0,"33":0,"34":0,"35":0,"36":0,"37":0,"38":0,"39":0,"40":0,"41":0,"42":0,"43":0,"44":0,"45":0,"46":0,"47":0,"48":0,"49":0,"50":0,"51":0,"52":0,"53":0,"54":0,"55":0,"56":0,"57":0,"58":0,"59":0,"60":0,"61":0,"62":0,"63":0,"64":1,"65":0,"66":0,"67":0,"68":0,"69":0,"70":0,"71":0,"72":1},"f":{"0":0,"1":0,"2":0,"3":0,"4":0},"b":{"0":[0,0],"1":[0,0],"2":[0,0],"3":[0,0,0,0,0,0,0],"4":[0,0],"5":[0,0],"6":[0,0],"7":[0,0],"8":[0,0],"9":[0,0],"10":[0,0],"11":[0,0],"12":[0,0],"13":[0,0],"14":[0,0],"15":[0,0,0],"16":[0,0],"17":[0,0],"18":[0,0],"19":[0,0],"20":[0,0],"21":[0,0],"22":[0,0],"23":[0,0]},"_coverageSchema":"1a1c01bbd47fc00a2c39e90264f33305004495a9","hash":"9b2c04968512f899f1e2dfe0daefec2d9f561dae"}
,"C:\\BYUI\\CSE 340-341\\MovieWatchlist\\Movie_Watchlist\\backend\\controllers\\users.js": {"path":"C:\\BYUI\\CSE 340-341\\MovieWatchlist\\Movie_Watchlist\\backend\\controllers\\users.js","statementMap":{"0":{"start":{"line":1,"column":21},"end":{"line":1,"column":39}},"1":{"start":{"line":2,"column":16},"end":{"line":2,"column":40}},"2":{"start":{"line":5,"column":20},"end":{"line":19,"column":1}},"3":{"start":{"line":9,"column":2},"end":{"line":18,"column":3}},"4":{"start":{"line":10,"column":19},"end":{"line":10,"column":77}},"5":{"start":{"line":12,"column":4},"end":{"line":12,"column":33}},"6":{"start":{"line":17,"column":4},"end":{"line":17,"column":51}},"7":{"start":{"line":22,"column":20},"end":{"line":46,"column":1}},"8":{"start":{"line":25,"column":2},"end":{"line":45,"column":3}},"9":{"start":{"line":26,"column":19},"end":{"line":26,"column":46}},"10":{"start":{"line":28,"column":19},"end":{"line":31,"column":31}},"11":{"start":{"line":35,"column":4},"end":{"line":40,"column":5}},"12":{"start":{"line":36,"column":6},"end":{"line":36,"column":58}},"13":{"start":{"line":39,"column":6},"end":{"line":39,"column":35}},"14":{"start":{"line":44,"column":4},"end":{"line":44,"column":51}},"15":{"start":{"line":49,"column":19},"end":{"line":103,"column":1}},"16":{"start":{"line":50,"column":2},"end":{"line":102,"column":3}},"17":{"start":{"line":51,"column":17},"end":{"line":58,"column":5}},"18":{"start":{"line":62,"column":25},"end":{"line":65,"column":37}},"19":{"start":{"line":67,"column":4},"end":{"line":72,"column":5}},"20":{"start":{"line":68,"column":6},"end":{"line":71,"column":9}},"21":{"start":{"line":78,"column":4},"end":{"line":87,"column":5}},"22":{"start":{"line":86,"column":6},"end":{"line":86,"column":74}},"23":{"start":{"line":89,"column":21},"end":{"line":89,"column":78}},"24":{"start":{"line":92,"column":4},"end":{"line":95,"column":7}},"25":{"start":{"line":101,"column":4},"end":{"line":101,"column":51}},"26":{"start":{"line":106,"column":19},"end":{"line":165,"column":1}},"27":{"start":{"line":107,"column":2},"end":{"line":164,"column":3}},"28":{"start":{"line":109,"column":19},"end":{"line":109,"column":46}},"29":{"start":{"line":111,"column":17},"end":{"line":118,"column":5}},"30":{"start":{"line":122,"column":4},"end":{"line":137,"column":5}},"31":{"start":{"line":123,"column":27},"end":{"line":129,"column":10}},"32":{"start":{"line":131,"column":6},"end":{"line":136,"column":7}},"33":{"start":{"line":132,"column":8},"end":{"line":135,"column":11}},"34":{"start":{"line":139,"column":21},"end":{"line":142,"column":49}},"35":{"start":{"line":146,"column":4},"end":{"line":148,"column":5}},"36":{"start":{"line":147,"column":6},"end":{"line":147,"column":65}},"37":{"start":{"line":150,"column":4},"end":{"line":154,"column":5}},"38":{"start":{"line":151,"column":6},"end":{"line":153,"column":62}},"39":{"start":{"line":157,"column":4},"end":{"line":157,"column":67}},"40":{"start":{"line":163,"column":4},"end":{"line":163,"column":51}},"41":{"start":{"line":168,"column":19},"end":{"line":192,"column":1}},"42":{"start":{"line":170,"column":2},"end":{"line":191,"column":3}},"43":{"start":{"line":171,"column":19},"end":{"line":171,"column":46}},"44":{"start":{"line":173,"column":21},"end":{"line":176,"column":33}},"45":{"start":{"line":180,"column":4},"end":{"line":185,"column":5}},"46":{"start":{"line":181,"column":6},"end":{"line":181,"column":58}},"47":{"start":{"line":184,"column":6},"end":{"line":184,"column":69}},"48":{"start":{"line":190,"column":4},"end":{"line":190,"column":51}},"49":{"start":{"line":194,"column":0},"end":{"line":200,"column":2}}},"fnMap":{"0":{"name":"(anonymous_0)","decl":{"start":{"line":5,"column":20},"end":{"line":5,"column":21}},"loc":{"start":{"line":5,"column":40},"end":{"line":19,"column":1}},"line":5},"1":{"name":"(anonymous_1)","decl":{"start":{"line":22,"column":20},"end":{"line":22,"column":21}},"loc":{"start":{"line":22,"column":40},"end":{"line":46,"column":1}},"line":22},"2":{"name":"(anonymous_2)","decl":{"start":{"line":49,"column":19},"end":{"line":49,"column":20}},"loc":{"start":{"line":49,"column":39},"end":{"line":103,"column":1}},"line":49},"3":{"name":"(anonymous_3)","decl":{"start":{"line":106,"column":19},"end":{"line":106,"column":20}},"loc":{"start":{"line":106,"column":39},"end":{"line":165,"column":1}},"line":106},"4":{"name":"(anonymous_4)","decl":{"start":{"line":168,"column":19},"end":{"line":168,"column":20}},"loc":{"start":{"line":168,"column":39},"end":{"line":192,"column":1}},"line":168}},"branchMap":{"0":{"loc":{"start":{"line":35,"column":4},"end":{"line":40,"column":5}},"type":"if","locations":[{"start":{"line":35,"column":4},"end":{"line":40,"column":5}},{"start":{"line":38,"column":11},"end":{"line":40,"column":5}}],"line":35},"1":{"loc":{"start":{"line":67,"column":4},"end":{"line":72,"column":5}},"type":"if","locations":[{"start":{"line":67,"column":4},"end":{"line":72,"column":5}},{"start":{},"end":{}}],"line":67},"2":{"loc":{"start":{"line":78,"column":4},"end":{"line":87,"column":5}},"type":"if","locations":[{"start":{"line":78,"column":4},"end":{"line":87,"column":5}},{"start":{},"end":{}}],"line":78},"3":{"loc":{"start":{"line":79,"column":6},"end":{"line":84,"column":23}},"type":"binary-expr","locations":[{"start":{"line":79,"column":6},"end":{"line":79,"column":20}},{"start":{"line":80,"column":6},"end":{"line":80,"column":23}},{"start":{"line":81,"column":6},"end":{"line":81,"column":21}},{"start":{"line":82,"column":6},"end":{"line":82,"column":20}},{"start":{"line":83,"column":6},"end":{"line":83,"column":17}},{"start":{"line":84,"column":6},"end":{"line":84,"column":23}}],"line":79},"4":{"loc":{"start":{"line":122,"column":4},"end":{"line":137,"column":5}},"type":"if","locations":[{"start":{"line":122,"column":4},"end":{"line":137,"column":5}},{"start":{},"end":{}}],"line":122},"5":{"loc":{"start":{"line":131,"column":6},"end":{"line":136,"column":7}},"type":"if","locations":[{"start":{"line":131,"column":6},"end":{"line":136,"column":7}},{"start":{},"end":{}}],"line":131},"6":{"loc":{"start":{"line":146,"column":4},"end":{"line":148,"column":5}},"type":"if","locations":[{"start":{"line":146,"column":4},"end":{"line":148,"column":5}},{"start":{},"end":{}}],"line":146},"7":{"loc":{"start":{"line":150,"column":4},"end":{"line":154,"column":5}},"type":"if","locations":[{"start":{"line":150,"column":4},"end":{"line":154,"column":5}},{"start":{},"end":{}}],"line":150},"8":{"loc":{"start":{"line":180,"column":4},"end":{"line":185,"column":5}},"type":"if","locations":[{"start":{"line":180,"column":4},"end":{"line":185,"column":5}},{"start":{"line":183,"column":11},"end":{"line":185,"column":5}}],"line":180}},"s":{"0":1,"1":1,"2":1,"3":2,"4":2,"5":2,"6":0,"7":1,"8":3,"9":3,"10":3,"11":3,"12":1,"13":2,"14":0,"15":1,"16":6,"17":6,"18":6,"19":6,"20":1,"21":5,"22":0,"23":5,"24":5,"25":0,"26":1,"27":4,"28":4,"29":4,"30":4,"31":4,"32":4,"33":0,"34":4,"35":4,"36":1,"37":3,"38":0,"39":3,"40":0,"41":1,"42":5,"43":5,"44":5,"45":5,"46":1,"47":4,"48":0,"49":1},"f":{"0":2,"1":3,"2":6,"3":4,"4":5},"b":{"0":[1,2],"1":[1,5],"2":[0,5],"3":[5,5,5,5,5,5],"4":[4,0],"5":[0,4],"6":[1,3],"7":[0,3],"8":[1,4]},"_coverageSchema":"1a1c01bbd47fc00a2c39e90264f33305004495a9","hash":"cb9da45ff0020b36d264099284ed981fd1163b0a"}
,"C:\\BYUI\\CSE 340-341\\MovieWatchlist\\Movie_Watchlist\\backend\\controllers\\watchlist.js": {"path":"C:\\BYUI\\CSE 340-341\\MovieWatchlist\\Movie_Watchlist\\backend\\controllers\\watchlist.js","statementMap":{"0":{"start":{"line":1,"column":21},"end":{"line":1,"column":39}},"1":{"start":{"line":2,"column":16},"end":{"line":2,"column":40}},"2":{"start":{"line":5,"column":25},"end":{"line":44,"column":1}},"3":{"start":{"line":6,"column":2},"end":{"line":43,"column":3}},"4":{"start":{"line":7,"column":27},"end":{"line":37,"column":16}},"5":{"start":{"line":39,"column":4},"end":{"line":39,"column":41}},"6":{"start":{"line":41,"column":4},"end":{"line":41,"column":53}},"7":{"start":{"line":42,"column":4},"end":{"line":42,"column":51}},"8":{"start":{"line":47,"column":29},"end":{"line":97,"column":1}},"9":{"start":{"line":48,"column":2},"end":{"line":96,"column":3}},"10":{"start":{"line":49,"column":24},"end":{"line":49,"column":37}},"11":{"start":{"line":52,"column":21},"end":{"line":52,"column":46}},"12":{"start":{"line":55,"column":26},"end":{"line":58,"column":33}},"13":{"start":{"line":60,"column":4},"end":{"line":62,"column":5}},"14":{"start":{"line":61,"column":6},"end":{"line":61,"column":75}},"15":{"start":{"line":65,"column":16},"end":{"line":65,"column":20}},"16":{"start":{"line":68,"column":4},"end":{"line":71,"column":47}},"17":{"start":{"line":74,"column":4},"end":{"line":84,"column":5}},"18":{"start":{"line":75,"column":6},"end":{"line":83,"column":7}},"19":{"start":{"line":76,"column":30},"end":{"line":76,"column":65}},"20":{"start":{"line":77,"column":8},"end":{"line":80,"column":43}},"21":{"start":{"line":87,"column":19},"end":{"line":90,"column":5}},"22":{"start":{"line":92,"column":4},"end":{"line":92,"column":33}},"23":{"start":{"line":94,"column":4},"end":{"line":94,"column":57}},"24":{"start":{"line":95,"column":4},"end":{"line":95,"column":51}},"25":{"start":{"line":100,"column":23},"end":{"line":214,"column":1}},"26":{"start":{"line":101,"column":2},"end":{"line":213,"column":3}},"27":{"start":{"line":102,"column":19},"end":{"line":102,"column":34}},"28":{"start":{"line":103,"column":20},"end":{"line":103,"column":36}},"29":{"start":{"line":105,"column":4},"end":{"line":105,"column":55}},"30":{"start":{"line":106,"column":4},"end":{"line":106,"column":44}},"31":{"start":{"line":109,"column":16},"end":{"line":109,"column":20}},"32":{"start":{"line":112,"column":4},"end":{"line":115,"column":33}},"33":{"start":{"line":117,"column":4},"end":{"line":117,"column":64}},"34":{"start":{"line":120,"column":4},"end":{"line":132,"column":5}},"35":{"start":{"line":121,"column":6},"end":{"line":131,"column":7}},"36":{"start":{"line":122,"column":30},"end":{"line":122,"column":51}},"37":{"start":{"line":123,"column":8},"end":{"line":123,"column":58}},"38":{"start":{"line":124,"column":8},"end":{"line":127,"column":43}},"39":{"start":{"line":128,"column":8},"end":{"line":128,"column":70}},"40":{"start":{"line":130,"column":8},"end":{"line":130,"column":59}},"41":{"start":{"line":134,"column":4},"end":{"line":142,"column":5}},"42":{"start":{"line":135,"column":6},"end":{"line":141,"column":9}},"43":{"start":{"line":144,"column":4},"end":{"line":144,"column":45}},"44":{"start":{"line":147,"column":21},"end":{"line":150,"column":52}},"45":{"start":{"line":152,"column":4},"end":{"line":156,"column":5}},"46":{"start":{"line":153,"column":6},"end":{"line":155,"column":9}},"47":{"start":{"line":159,"column":26},"end":{"line":171,"column":5}},"48":{"start":{"line":174,"column":4},"end":{"line":176,"column":5}},"49":{"start":{"line":175,"column":6},"end":{"line":175,"column":84}},"50":{"start":{"line":178,"column":26},"end":{"line":178,"column":68}},"51":{"start":{"line":179,"column":4},"end":{"line":183,"column":5}},"52":{"start":{"line":180,"column":6},"end":{"line":182,"column":9}},"53":{"start":{"line":186,"column":4},"end":{"line":193,"column":5}},"54":{"start":{"line":187,"column":24},"end":{"line":187,"column":56}},"55":{"start":{"line":188,"column":6},"end":{"line":192,"column":7}},"56":{"start":{"line":189,"column":8},"end":{"line":191,"column":11}},"57":{"start":{"line":195,"column":4},"end":{"line":199,"column":5}},"58":{"start":{"line":196,"column":6},"end":{"line":198,"column":9}},"59":{"start":{"line":201,"column":21},"end":{"line":204,"column":31}},"60":{"start":{"line":206,"column":4},"end":{"line":209,"column":7}},"61":{"start":{"line":211,"column":4},"end":{"line":211,"column":51}},"62":{"start":{"line":212,"column":4},"end":{"line":212,"column":51}},"63":{"start":{"line":217,"column":28},"end":{"line":316,"column":1}},"64":{"start":{"line":218,"column":2},"end":{"line":315,"column":3}},"65":{"start":{"line":219,"column":24},"end":{"line":219,"column":37}},"66":{"start":{"line":220,"column":19},"end":{"line":220,"column":42}},"67":{"start":{"line":223,"column":21},"end":{"line":223,"column":46}},"68":{"start":{"line":226,"column":18},"end":{"line":226,"column":35}},"69":{"start":{"line":227,"column":4},"end":{"line":229,"column":5}},"70":{"start":{"line":228,"column":6},"end":{"line":228,"column":28}},"71":{"start":{"line":232,"column":25},"end":{"line":235,"column":21}},"72":{"start":{"line":237,"column":4},"end":{"line":241,"column":5}},"73":{"start":{"line":238,"column":6},"end":{"line":240,"column":9}},"74":{"start":{"line":243,"column":23},"end":{"line":243,"column":25}},"75":{"start":{"line":245,"column":4},"end":{"line":253,"column":5}},"76":{"start":{"line":246,"column":28},"end":{"line":246,"column":70}},"77":{"start":{"line":247,"column":6},"end":{"line":251,"column":7}},"78":{"start":{"line":248,"column":8},"end":{"line":250,"column":11}},"79":{"start":{"line":252,"column":6},"end":{"line":252,"column":42}},"80":{"start":{"line":255,"column":4},"end":{"line":271,"column":5}},"81":{"start":{"line":257,"column":25},"end":{"line":259,"column":16}},"82":{"start":{"line":262,"column":6},"end":{"line":269,"column":7}},"83":{"start":{"line":263,"column":26},"end":{"line":263,"column":44}},"84":{"start":{"line":264,"column":8},"end":{"line":268,"column":9}},"85":{"start":{"line":265,"column":10},"end":{"line":267,"column":13}},"86":{"start":{"line":270,"column":6},"end":{"line":270,"column":41}},"87":{"start":{"line":273,"column":4},"end":{"line":275,"column":5}},"88":{"start":{"line":274,"column":6},"end":{"line":274,"column":50}},"89":{"start":{"line":277,"column":4},"end":{"line":279,"column":5}},"90":{"start":{"line":278,"column":6},"end":{"line":278,"column":60}},"91":{"start":{"line":281,"column":4},"end":{"line":283,"column":5}},"92":{"start":{"line":282,"column":6},"end":{"line":282,"column":90}},"93":{"start":{"line":285,"column":4},"end":{"line":293,"column":5}},"94":{"start":{"line":286,"column":27},"end":{"line":286,"column":56}},"95":{"start":{"line":287,"column":6},"end":{"line":291,"column":7}},"96":{"start":{"line":288,"column":8},"end":{"line":290,"column":11}},"97":{"start":{"line":292,"column":6},"end":{"line":292,"column":45}},"98":{"start":{"line":296,"column":4},"end":{"line":298,"column":5}},"99":{"start":{"line":297,"column":6},"end":{"line":297,"column":70}},"100":{"start":{"line":300,"column":21},"end":{"line":303,"column":45}},"101":{"start":{"line":305,"column":4},"end":{"line":309,"column":5}},"102":{"start":{"line":306,"column":6},"end":{"line":308,"column":67}},"103":{"start":{"line":311,"column":4},"end":{"line":311,"column":77}},"104":{"start":{"line":313,"column":4},"end":{"line":313,"column":56}},"105":{"start":{"line":314,"column":4},"end":{"line":314,"column":51}},"106":{"start":{"line":319,"column":28},"end":{"line":349,"column":1}},"107":{"start":{"line":320,"column":2},"end":{"line":348,"column":3}},"108":{"start":{"line":321,"column":24},"end":{"line":321,"column":37}},"109":{"start":{"line":322,"column":19},"end":{"line":322,"column":42}},"110":{"start":{"line":325,"column":21},"end":{"line":325,"column":46}},"111":{"start":{"line":328,"column":18},"end":{"line":328,"column":35}},"112":{"start":{"line":329,"column":4},"end":{"line":331,"column":5}},"113":{"start":{"line":330,"column":6},"end":{"line":330,"column":28}},"114":{"start":{"line":333,"column":21},"end":{"line":336,"column":23}},"115":{"start":{"line":338,"column":4},"end":{"line":344,"column":5}},"116":{"start":{"line":339,"column":6},"end":{"line":341,"column":9}},"117":{"start":{"line":343,"column":6},"end":{"line":343,"column":79}},"118":{"start":{"line":346,"column":4},"end":{"line":346,"column":56}},"119":{"start":{"line":347,"column":4},"end":{"line":347,"column":51}},"120":{"start":{"line":351,"column":0},"end":{"line":357,"column":2}}},"fnMap":{"0":{"name":"(anonymous_0)","decl":{"start":{"line":5,"column":25},"end":{"line":5,"column":26}},"loc":{"start":{"line":5,"column":45},"end":{"line":44,"column":1}},"line":5},"1":{"name":"(anonymous_1)","decl":{"start":{"line":47,"column":29},"end":{"line":47,"column":30}},"loc":{"start":{"line":47,"column":49},"end":{"line":97,"column":1}},"line":47},"2":{"name":"(anonymous_2)","decl":{"start":{"line":100,"column":23},"end":{"line":100,"column":24}},"loc":{"start":{"line":100,"column":43},"end":{"line":214,"column":1}},"line":100},"3":{"name":"(anonymous_3)","decl":{"start":{"line":217,"column":28},"end":{"line":217,"column":29}},"loc":{"start":{"line":217,"column":48},"end":{"line":316,"column":1}},"line":217},"4":{"name":"(anonymous_4)","decl":{"start":{"line":319,"column":28},"end":{"line":319,"column":29}},"loc":{"start":{"line":319,"column":48},"end":{"line":349,"column":1}},"line":319}},"branchMap":{"0":{"loc":{"start":{"line":60,"column":4},"end":{"line":62,"column":5}},"type":"if","locations":[{"start":{"line":60,"column":4},"end":{"line":62,"column":5}},{"start":{},"end":{}}],"line":60},"1":{"loc":{"start":{"line":74,"column":4},"end":{"line":84,"column":5}},"type":"if","locations":[{"start":{"line":74,"column":4},"end":{"line":84,"column":5}},{"start":{},"end":{}}],"line":74},"2":{"loc":{"start":{"line":89,"column":20},"end":{"line":89,"column":33}},"type":"binary-expr","locations":[{"start":{"line":89,"column":20},"end":{"line":89,"column":25}},{"start":{"line":89,"column":29},"end":{"line":89,"column":33}}],"line":89},"3":{"loc":{"start":{"line":117,"column":42},"end":{"line":117,"column":62}},"type":"cond-expr","locations":[{"start":{"line":117,"column":50},"end":{"line":117,"column":55}},{"start":{"line":117,"column":58},"end":{"line":117,"column":62}}],"line":117},"4":{"loc":{"start":{"line":120,"column":4},"end":{"line":132,"column":5}},"type":"if","locations":[{"start":{"line":120,"column":4},"end":{"line":132,"column":5}},{"start":{},"end":{}}],"line":120},"5":{"loc":{"start":{"line":128,"column":48},"end":{"line":128,"column":68}},"type":"cond-expr","locations":[{"start":{"line":128,"column":56},"end":{"line":128,"column":61}},{"start":{"line":128,"column":64},"end":{"line":128,"column":68}}],"line":128},"6":{"loc":{"start":{"line":134,"column":4},"end":{"line":142,"column":5}},"type":"if","locations":[{"start":{"line":134,"column":4},"end":{"line":142,"column":5}},{"start":{},"end":{}}],"line":134},"7":{"loc":{"start":{"line":152,"column":4},"end":{"line":156,"column":5}},"type":"if","locations":[{"start":{"line":152,"column":4},"end":{"line":156,"column":5}},{"start":{},"end":{}}],"line":152},"8":{"loc":{"start":{"line":162,"column":17},"end":{"line":162,"column":129}},"type":"binary-expr","locations":[{"start":{"line":162,"column":17},"end":{"line":162,"column":35}},{"start":{"line":162,"column":39},"end":{"line":162,"column":129}}],"line":162},"9":{"loc":{"start":{"line":163,"column":14},"end":{"line":163,"column":48}},"type":"binary-expr","locations":[{"start":{"line":163,"column":14},"end":{"line":163,"column":29}},{"start":{"line":163,"column":33},"end":{"line":163,"column":48}}],"line":163},"10":{"loc":{"start":{"line":164,"column":18},"end":{"line":166,"column":16}},"type":"cond-expr","locations":[{"start":{"line":165,"column":10},"end":{"line":165,"column":40}},{"start":{"line":166,"column":10},"end":{"line":166,"column":16}}],"line":164},"11":{"loc":{"start":{"line":164,"column":18},"end":{"line":164,"column":117}},"type":"binary-expr","locations":[{"start":{"line":164,"column":18},"end":{"line":164,"column":51}},{"start":{"line":164,"column":55},"end":{"line":164,"column":83}},{"start":{"line":164,"column":87},"end":{"line":164,"column":117}}],"line":164},"12":{"loc":{"start":{"line":167,"column":18},"end":{"line":167,"column":43}},"type":"binary-expr","locations":[{"start":{"line":167,"column":18},"end":{"line":167,"column":37}},{"start":{"line":167,"column":41},"end":{"line":167,"column":43}}],"line":167},"13":{"loc":{"start":{"line":168,"column":23},"end":{"line":168,"column":55}},"type":"binary-expr","locations":[{"start":{"line":168,"column":23},"end":{"line":168,"column":47}},{"start":{"line":168,"column":51},"end":{"line":168,"column":55}}],"line":168},"14":{"loc":{"start":{"line":169,"column":25},"end":{"line":169,"column":85}},"type":"binary-expr","locations":[{"start":{"line":169,"column":25},"end":{"line":169,"column":47}},{"start":{"line":169,"column":51},"end":{"line":169,"column":77}},{"start":{"line":169,"column":81},"end":{"line":169,"column":85}}],"line":169},"15":{"loc":{"start":{"line":170,"column":20},"end":{"line":170,"column":46}},"type":"binary-expr","locations":[{"start":{"line":170,"column":20},"end":{"line":170,"column":41}},{"start":{"line":170,"column":45},"end":{"line":170,"column":46}}],"line":170},"16":{"loc":{"start":{"line":174,"column":4},"end":{"line":176,"column":5}},"type":"if","locations":[{"start":{"line":174,"column":4},"end":{"line":176,"column":5}},{"start":{},"end":{}}],"line":174},"17":{"loc":{"start":{"line":174,"column":8},"end":{"line":174,"column":55}},"type":"binary-expr","locations":[{"start":{"line":174,"column":8},"end":{"line":174,"column":30}},{"start":{"line":174,"column":34},"end":{"line":174,"column":55}}],"line":174},"18":{"loc":{"start":{"line":179,"column":4},"end":{"line":183,"column":5}},"type":"if","locations":[{"start":{"line":179,"column":4},"end":{"line":183,"column":5}},{"start":{},"end":{}}],"line":179},"19":{"loc":{"start":{"line":186,"column":4},"end":{"line":193,"column":5}},"type":"if","locations":[{"start":{"line":186,"column":4},"end":{"line":193,"column":5}},{"start":{},"end":{}}],"line":186},"20":{"loc":{"start":{"line":188,"column":6},"end":{"line":192,"column":7}},"type":"if","locations":[{"start":{"line":188,"column":6},"end":{"line":192,"column":7}},{"start":{},"end":{}}],"line":188},"21":{"loc":{"start":{"line":188,"column":10},"end":{"line":188,"column":60}},"type":"binary-expr","locations":[{"start":{"line":188,"column":10},"end":{"line":188,"column":26}},{"start":{"line":188,"column":30},"end":{"line":188,"column":43}},{"start":{"line":188,"column":47},"end":{"line":188,"column":60}}],"line":188},"22":{"loc":{"start":{"line":195,"column":4},"end":{"line":199,"column":5}},"type":"if","locations":[{"start":{"line":195,"column":4},"end":{"line":199,"column":5}},{"start":{},"end":{}}],"line":195},"23":{"loc":{"start":{"line":220,"column":19},"end":{"line":220,"column":42}},"type":"binary-expr","locations":[{"start":{"line":220,"column":19},"end":{"line":220,"column":34}},{"start":{"line":220,"column":38},"end":{"line":220,"column":42}}],"line":220},"24":{"loc":{"start":{"line":227,"column":4},"end":{"line":229,"column":5}},"type":"if","locations":[{"start":{"line":227,"column":4},"end":{"line":229,"column":5}},{"start":{},"end":{}}],"line":227},"25":{"loc":{"start":{"line":237,"column":4},"end":{"line":241,"column":5}},"type":"if","locations":[{"start":{"line":237,"column":4},"end":{"line":241,"column":5}},{"start":{},"end":{}}],"line":237},"26":{"loc":{"start":{"line":245,"column":4},"end":{"line":253,"column":5}},"type":"if","locations":[{"start":{"line":245,"column":4},"end":{"line":253,"column":5}},{"start":{},"end":{}}],"line":245},"27":{"loc":{"start":{"line":247,"column":6},"end":{"line":251,"column":7}},"type":"if","locations":[{"start":{"line":247,"column":6},"end":{"line":251,"column":7}},{"start":{},"end":{}}],"line":247},"28":{"loc":{"start":{"line":255,"column":4},"end":{"line":271,"column":5}},"type":"if","locations":[{"start":{"line":255,"column":4},"end":{"line":271,"column":5}},{"start":{},"end":{}}],"line":255},"29":{"loc":{"start":{"line":257,"column":25},"end":{"line":259,"column":16}},"type":"cond-expr","locations":[{"start":{"line":258,"column":10},"end":{"line":258,"column":40}},{"start":{"line":259,"column":10},"end":{"line":259,"column":16}}],"line":257},"30":{"loc":{"start":{"line":257,"column":25},"end":{"line":257,"column":87}},"type":"binary-expr","locations":[{"start":{"line":257,"column":25},"end":{"line":257,"column":53}},{"start":{"line":257,"column":57},"end":{"line":257,"column":87}}],"line":257},"31":{"loc":{"start":{"line":262,"column":6},"end":{"line":269,"column":7}},"type":"if","locations":[{"start":{"line":262,"column":6},"end":{"line":269,"column":7}},{"start":{},"end":{}}],"line":262},"32":{"loc":{"start":{"line":264,"column":8},"end":{"line":268,"column":9}},"type":"if","locations":[{"start":{"line":264,"column":8},"end":{"line":268,"column":9}},{"start":{},"end":{}}],"line":264},"33":{"loc":{"start":{"line":264,"column":12},"end":{"line":264,"column":62}},"type":"binary-expr","locations":[{"start":{"line":264,"column":12},"end":{"line":264,"column":28}},{"start":{"line":264,"column":32},"end":{"line":264,"column":45}},{"start":{"line":264,"column":49},"end":{"line":264,"column":62}}],"line":264},"34":{"loc":{"start":{"line":273,"column":4},"end":{"line":275,"column":5}},"type":"if","locations":[{"start":{"line":273,"column":4},"end":{"line":275,"column":5}},{"start":{},"end":{}}],"line":273},"35":{"loc":{"start":{"line":277,"column":4},"end":{"line":279,"column":5}},"type":"if","locations":[{"start":{"line":277,"column":4},"end":{"line":279,"column":5}},{"start":{},"end":{}}],"line":277},"36":{"loc":{"start":{"line":281,"column":4},"end":{"line":283,"column":5}},"type":"if","locations":[{"start":{"line":281,"column":4},"end":{"line":283,"column":5}},{"start":{},"end":{}}],"line":281},"37":{"loc":{"start":{"line":281,"column":8},"end":{"line":281,"column":88}},"type":"binary-expr","locations":[{"start":{"line":281,"column":8},"end":{"line":281,"column":44}},{"start":{"line":281,"column":48},"end":{"line":281,"column":88}}],"line":281},"38":{"loc":{"start":{"line":282,"column":37},"end":{"line":282,"column":89}},"type":"binary-expr","locations":[{"start":{"line":282,"column":37},"end":{"line":282,"column":59}},{"start":{"line":282,"column":63},"end":{"line":282,"column":89}}],"line":282},"39":{"loc":{"start":{"line":285,"column":4},"end":{"line":293,"column":5}},"type":"if","locations":[{"start":{"line":285,"column":4},"end":{"line":293,"column":5}},{"start":{},"end":{}}],"line":285},"40":{"loc":{"start":{"line":287,"column":6},"end":{"line":291,"column":7}},"type":"if","locations":[{"start":{"line":287,"column":6},"end":{"line":291,"column":7}},{"start":{},"end":{}}],"line":287},"41":{"loc":{"start":{"line":296,"column":4},"end":{"line":298,"column":5}},"type":"if","locations":[{"start":{"line":296,"column":4},"end":{"line":298,"column":5}},{"start":{},"end":{}}],"line":296},"42":{"loc":{"start":{"line":305,"column":4},"end":{"line":309,"column":5}},"type":"if","locations":[{"start":{"line":305,"column":4},"end":{"line":309,"column":5}},{"start":{},"end":{}}],"line":305},"43":{"loc":{"start":{"line":322,"column":19},"end":{"line":322,"column":42}},"type":"binary-expr","locations":[{"start":{"line":322,"column":19},"end":{"line":322,"column":34}},{"start":{"line":322,"column":38},"end":{"line":322,"column":42}}],"line":322},"44":{"loc":{"start":{"line":329,"column":4},"end":{"line":331,"column":5}},"type":"if","locations":[{"start":{"line":329,"column":4},"end":{"line":331,"column":5}},{"start":{},"end":{}}],"line":329},"45":{"loc":{"start":{"line":338,"column":4},"end":{"line":344,"column":5}},"type":"if","locations":[{"start":{"line":338,"column":4},"end":{"line":344,"column":5}},{"start":{"line":342,"column":11},"end":{"line":344,"column":5}}],"line":338}},"s":{"0":1,"1":1,"2":1,"3":0,"4":0,"5":0,"6":0,"7":0,"8":1,"9":0,"10":0,"11":0,"12":0,"13":0,"14":0,"15":0,"16":0,"17":0,"18":0,"19":0,"20":0,"21":0,"22":0,"23":0,"24":0,"25":1,"26":0,"27":0,"28":0,"29":0,"30":0,"31":0,"32":0,"33":0,"34":0,"35":0,"36":0,"37":0,"38":0,"39":0,"40":0,"41":0,"42":0,"43":0,"44":0,"45":0,"46":0,"47":0,"48":0,"49":0,"50":0,"51":0,"52":0,"53":0,"54":0,"55":0,"56":0,"57":0,"58":0,"59":0,"60":0,"61":0,"62":0,"63":1,"64":0,"65":0,"66":0,"67":0,"68":0,"69":0,"70":0,"71":0,"72":0,"73":0,"74":0,"75":0,"76":0,"77":0,"78":0,"79":0,"80":0,"81":0,"82":0,"83":0,"84":0,"85":0,"86":0,"87":0,"88":0,"89":0,"90":0,"91":0,"92":0,"93":0,"94":0,"95":0,"96":0,"97":0,"98":0,"99":0,"100":0,"101":0,"102":0,"103":0,"104":0,"105":0,"106":1,"107":0,"108":0,"109":0,"110":0,"111":0,"112":0,"113":0,"114":0,"115":0,"116":0,"117":0,"118":0,"119":0,"120":1},"f":{"0":0,"1":0,"2":0,"3":0,"4":0},"b":{"0":[0,0],"1":[0,0],"2":[0,0],"3":[0,0],"4":[0,0],"5":[0,0],"6":[0,0],"7":[0,0],"8":[0,0],"9":[0,0],"10":[0,0],"11":[0,0,0],"12":[0,0],"13":[0,0],"14":[0,0,0],"15":[0,0],"16":[0,0],"17":[0,0],"18":[0,0],"19":[0,0],"20":[0,0],"21":[0,0,0],"22":[0,0],"23":[0,0],"24":[0,0],"25":[0,0],"26":[0,0],"27":[0,0],"28":[0,0],"29":[0,0],"30":[0,0],"31":[0,0],"32":[0,0],"33":[0,0,0],"34":[0,0],"35":[0,0],"36":[0,0],"37":[0,0],"38":[0,0],"39":[0,0],"40":[0,0],"41":[0,0],"42":[0,0],"43":[0,0],"44":[0,0],"45":[0,0]},"_coverageSchema":"1a1c01bbd47fc00a2c39e90264f33305004495a9","hash":"172edb7446516630c5287dd5b412f0b6a816e857"}
,"C:\\BYUI\\CSE 340-341\\MovieWatchlist\\Movie_Watchlist\\backend\\db\\connect.js": {"path":"C:\\BYUI\\CSE 340-341\\MovieWatchlist\\Movie_Watchlist\\backend\\db\\connect.js","statementMap":{"0":{"start":{"line":1,"column":15},"end":{"line":1,"column":32}},"1":{"start":{"line":2,"column":24},"end":{"line":2,"column":42}},"2":{"start":{"line":5,"column":0},"end":{"line":5,"column":16}},"3":{"start":{"line":12,"column":15},"end":{"line":49,"column":1}},"4":{"start":{"line":15,"column":2},"end":{"line":18,"column":3}},"5":{"start":{"line":16,"column":4},"end":{"line":16,"column":46}},"6":{"start":{"line":17,"column":4},"end":{"line":17,"column":22}},"7":{"start":{"line":22,"column":14},"end":{"line":22,"column":35}},"8":{"start":{"line":24,"column":2},"end":{"line":26,"column":3}},"9":{"start":{"line":25,"column":4},"end":{"line":25,"column":53}},"10":{"start":{"line":30,"column":2},"end":{"line":48,"column":3}},"11":{"start":{"line":31,"column":4},"end":{"line":31,"column":34}},"12":{"start":{"line":32,"column":4},"end":{"line":32,"column":27}},"13":{"start":{"line":33,"column":4},"end":{"line":33,"column":54}},"14":{"start":{"line":36,"column":4},"end":{"line":36,"column":29}},"15":{"start":{"line":39,"column":4},"end":{"line":39,"column":42}},"16":{"start":{"line":40,"column":4},"end":{"line":40,"column":54}},"17":{"start":{"line":41,"column":4},"end":{"line":41,"column":22}},"18":{"start":{"line":46,"column":4},"end":{"line":46,"column":56}},"19":{"start":{"line":47,"column":4},"end":{"line":47,"column":14}},"20":{"start":{"line":52,"column":14},"end":{"line":59,"column":1}},"21":{"start":{"line":55,"column":2},"end":{"line":57,"column":3}},"22":{"start":{"line":56,"column":4},"end":{"line":56,"column":68}},"23":{"start":{"line":58,"column":2},"end":{"line":58,"column":20}},"24":{"start":{"line":62,"column":16},"end":{"line":76,"column":1}},"25":{"start":{"line":63,"column":2},"end":{"line":75,"column":3}},"26":{"start":{"line":64,"column":4},"end":{"line":71,"column":5}},"27":{"start":{"line":65,"column":6},"end":{"line":65,"column":27}},"28":{"start":{"line":66,"column":6},"end":{"line":66,"column":20}},"29":{"start":{"line":67,"column":6},"end":{"line":67,"column":24}},"30":{"start":{"line":68,"column":6},"end":{"line":68,"column":61}},"31":{"start":{"line":70,"column":6},"end":{"line":70,"column":53}},"32":{"start":{"line":73,"column":4},"end":{"line":73,"column":61}},"33":{"start":{"line":74,"column":4},"end":{"line":74,"column":14}},"34":{"start":{"line":78,"column":0},"end":{"line":82,"column":2}}},"fnMap":{"0":{"name":"(anonymous_0)","decl":{"start":{"line":12,"column":15},"end":{"line":12,"column":16}},"loc":{"start":{"line":12,"column":27},"end":{"line":49,"column":1}},"line":12},"1":{"name":"(anonymous_1)","decl":{"start":{"line":52,"column":14},"end":{"line":52,"column":15}},"loc":{"start":{"line":52,"column":20},"end":{"line":59,"column":1}},"line":52},"2":{"name":"(anonymous_2)","decl":{"start":{"line":62,"column":16},"end":{"line":62,"column":17}},"loc":{"start":{"line":62,"column":28},"end":{"line":76,"column":1}},"line":62}},"branchMap":{"0":{"loc":{"start":{"line":15,"column":2},"end":{"line":18,"column":3}},"type":"if","locations":[{"start":{"line":15,"column":2},"end":{"line":18,"column":3}},{"start":{},"end":{}}],"line":15},"1":{"loc":{"start":{"line":24,"column":2},"end":{"line":26,"column":3}},"type":"if","locations":[{"start":{"line":24,"column":2},"end":{"line":26,"column":3}},{"start":{},"end":{}}],"line":24},"2":{"loc":{"start":{"line":55,"column":2},"end":{"line":57,"column":3}},"type":"if","locations":[{"start":{"line":55,"column":2},"end":{"line":57,"column":3}},{"start":{},"end":{}}],"line":55},"3":{"loc":{"start":{"line":64,"column":4},"end":{"line":71,"column":5}},"type":"if","locations":[{"start":{"line":64,"column":4},"end":{"line":71,"column":5}},{"start":{"line":69,"column":11},"end":{"line":71,"column":5}}],"line":64}},"s":{"0":1,"1":1,"2":1,"3":1,"4":1,"5":0,"6":0,"7":1,"8":1,"9":0,"10":1,"11":1,"12":1,"13":1,"14":1,"15":1,"16":1,"17":1,"18":0,"19":0,"20":1,"21":30,"22":0,"23":30,"24":1,"25":0,"26":0,"27":0,"28":0,"29":0,"30":0,"31":0,"32":0,"33":0,"34":1},"f":{"0":1,"1":30,"2":0},"b":{"0":[0,1],"1":[0,1],"2":[0,30],"3":[0,0]},"_coverageSchema":"1a1c01bbd47fc00a2c39e90264f33305004495a9","hash":"1b5f7b8b402c59b3b7ab55253fb8cd739bfb74be"}
[...]
,"end":{"line":375,"column":69}},"type":"binary-expr","locations":[{"start":{"line":375,"column":12},"end":{"line":375,"column":26}},{"start":{"line":375,"column":30},"end":{"line":375,"column":49}},{"start":{"line":375,"column":53},"end":{"line":375,"column":69}}],"line":375},"23":{"loc":{"start":{"line":380,"column":8},"end":{"line":382,"column":9}},"type":"if","locations":[{"start":{"line":380,"column":8},"end":{"line":382,"column":9}},{"start":{},"end":{}}],"line":380},"24":{"loc":{"start":{"line":405,"column":8},"end":{"line":407,"column":9}},"type":"if","locations":[{"start":{"line":405,"column":8},"end":{"line":407,"column":9}},{"start":{},"end":{}}],"line":405},"25":{"loc":{"start":{"line":405,"column":12},"end":{"line":405,"column":69}},"type":"binary-expr","locations":[{"start":{"line":405,"column":12},"end":{"line":405,"column":26}},{"start":{"line":405,"column":30},"end":{"line":405,"column":49}},{"start":{"line":405,"column":53},"end":{"line":405,"column":69}}],"line":405},"26":{"loc":{"start":{"line":409,"column":8},"end":{"line":411,"column":9}},"type":"if","locations":[{"start":{"line":409,"column":8},"end":{"line":411,"column":9}},{"start":{},"end":{}}],"line":409},"27":{"loc":{"start":{"line":409,"column":12},"end":{"line":409,"column":53}},"type":"binary-expr","locations":[{"start":{"line":409,"column":12},"end":{"line":409,"column":25}},{"start":{"line":409,"column":29},"end":{"line":409,"column":39}},{"start":{"line":409,"column":43},"end":{"line":409,"column":53}}],"line":409},"28":{"loc":{"start":{"line":424,"column":8},"end":{"line":426,"column":9}},"type":"if","locations":[{"start":{"line":424,"column":8},"end":{"line":426,"column":9}},{"start":{},"end":{}}],"line":424},"29":{"loc":{"start":{"line":424,"column":12},"end":{"line":424,"column":69}},"type":"binary-expr","locations":[{"start":{"line":424,"column":12},"end":{"line":424,"column":26}},{"start":{"line":424,"column":30},"end":{"line":424,"column":49}},{"start":{"line":424,"column":53},"end":{"line":424,"column":69}}],"line":424},"30":{"loc":{"start":{"line":428,"column":8},"end":{"line":430,"column":9}},"type":"if","locations":[{"start":{"line":428,"column":8},"end":{"line":430,"column":9}},{"start":{},"end":{}}],"line":428},"31":{"loc":{"start":{"line":437,"column":8},"end":{"line":439,"column":9}},"type":"if","locations":[{"start":{"line":437,"column":8},"end":{"line":439,"column":9}},{"start":{},"end":{}}],"line":437},"32":{"loc":{"start":{"line":437,"column":12},"end":{"line":437,"column":69}},"type":"binary-expr","locations":[{"start":{"line":437,"column":12},"end":{"line":437,"column":26}},{"start":{"line":437,"column":30},"end":{"line":437,"column":49}},{"start":{"line":437,"column":53},"end":{"line":437,"column":69}}],"line":437},"33":{"loc":{"start":{"line":441,"column":8},"end":{"line":443,"column":9}},"type":"if","locations":[{"start":{"line":441,"column":8},"end":{"line":443,"column":9}},{"start":{},"end":{}}],"line":441}},"s":{"0":1,"1":1,"2":49,"3":49,"4":31,"5":61,"6":31,"7":18,"8":1,"9":30,"10":30,"11":10,"12":20,"13":20,"14":20,"15":0,"16":20,"17":7,"18":7,"19":3,"20":4,"21":4,"22":4,"23":0,"24":4,"25":1,"26":0,"27":0,"28":0,"29":0,"30":0,"31":0,"32":0,"33":0,"34":0,"35":0,"36":0,"37":0,"38":0,"39":0,"40":0,"41":0,"42":1,"43":0,"44":0,"45":0,"46":0,"47":0,"48":0,"49":0,"50":0,"51":0,"52":0,"53":0,"54":0,"55":0,"56":0,"57":0,"58":0,"59":0,"60":0,"61":0,"62":0,"63":0,"64":0,"65":0,"66":0,"67":0,"68":0,"69":0,"70":0,"71":0,"72":0,"73":0,"74":0,"75":0,"76":0,"77":0,"78":0,"79":1,"80":1},"f":{"0":49,"1":61,"2":30,"3":7,"4":0,"5":0,"6":0,"7":0,"8":0,"9":0,"10":0,"11":0,"12":0,"13":0},"b":{"0":[31,18],"1":[61,0],"2":[10,20],"3":[0,20],"4":[20,20,20],"5":[3,4],"6":[0,4],"7":[4,4,4],"8":[0,0],"9":[0,0],"10":[0,0],"11":[0,0],"12":[0,0],"13":[0,0],"14":[0,0],"15":[0,0,0],"16":[0,0],"17":[0,0,0],"18":[0,0],"19":[0,0,0],"20":[0,0],"21":[0,0],"22":[0,0,0],"23":[0,0],"24":[0,0],"25":[0,0,0],"26":[0,0],"27":[0,0,0],"28":[0,0],"29":[0,0,0],"30":[0,0],"31":[0,0],"32":[0,0,0],"33":[0,0]},"_coverageSchema":"1a1c01bbd47fc00a2c39e90264f33305004495a9","hash":"355fcc5e4df0e9feec39deb47d3b0a9fcb1dd68b"}
,"C:\\BYUI\\CSE 340-341\\MovieWatchlist\\Movie_Watchlist\\backend\\routes\\auth.js": {"path":"C:\\BYUI\\CSE 340-341\\MovieWatchlist\\Movie_Watchlist\\backend\\routes\\auth.js","statementMap":{"0":{"start":{"line":1,"column":15},"end":{"line":1,"column":42}},"1":{"start":{"line":2,"column":17},"end":{"line":2,"column":36}},"2":{"start":{"line":3,"column":12},"end":{"line":3,"column":35}},"3":{"start":{"line":4,"column":16},"end":{"line":4,"column":40}},"4":{"start":{"line":5,"column":21},"end":{"line":5,"column":39}},"5":{"start":{"line":6,"column":13},"end":{"line":6,"column":38}},"6":{"start":{"line":7,"column":28},"end":{"line":7,"column":57}},"7":{"start":{"line":11,"column":0},"end":{"line":16,"column":2}},"8":{"start":{"line":20,"column":0},"end":{"line":73,"column":2}},"9":{"start":{"line":28,"column":4},"end":{"line":28,"column":66}},"10":{"start":{"line":31,"column":18},"end":{"line":39,"column":5}},"11":{"start":{"line":42,"column":4},"end":{"line":47,"column":7}},"12":{"start":{"line":49,"column":4},"end":{"line":54,"column":7}},"13":{"start":{"line":56,"column":4},"end":{"line":61,"column":7}},"14":{"start":{"line":63,"column":4},"end":{"line":68,"column":7}},"15":{"start":{"line":71,"column":4},"end":{"line":71,"column":22}},"16":{"start":{"line":77,"column":0},"end":{"line":117,"column":3}},"17":{"start":{"line":78,"column":2},"end":{"line":116,"column":3}},"18":{"start":{"line":79,"column":4},"end":{"line":89,"column":7}},"19":{"start":{"line":92,"column":18},"end":{"line":92,"column":35}},"20":{"start":{"line":93,"column":4},"end":{"line":115,"column":5}},"21":{"start":{"line":94,"column":6},"end":{"line":109,"column":7}},"22":{"start":{"line":95,"column":24},"end":{"line":98,"column":9}},"23":{"start":{"line":99,"column":8},"end":{"line":103,"column":11}},"24":{"start":{"line":105,"column":8},"end":{"line":108,"column":11}},"25":{"start":{"line":111,"column":6},"end":{"line":114,"column":9}},"26":{"start":{"line":121,"column":0},"end":{"line":137,"column":3}},"27":{"start":{"line":122,"column":2},"end":{"line":136,"column":5}},"28":{"start":{"line":123,"column":4},"end":{"line":126,"column":5}},"29":{"start":{"line":124,"column":6},"end":{"line":124,"column":42}},"30":{"start":{"line":125,"column":6},"end":{"line":125,"column":68}},"31":{"start":{"line":129,"column":4},"end":{"line":129,"column":34}},"32":{"start":{"line":130,"column":4},"end":{"line":130,"column":32}},"33":{"start":{"line":131,"column":4},"end":{"line":131,"column":30}},"34":{"start":{"line":132,"column":4},"end":{"line":132,"column":29}},"35":{"start":{"line":135,"column":4},"end":{"line":135,"column":22}},"36":{"start":{"line":141,"column":0},"end":{"line":164,"column":3}},"37":{"start":{"line":142,"column":2},"end":{"line":163,"column":5}},"38":{"start":{"line":168,"column":0},"end":{"line":193,"column":3}},"39":{"start":{"line":169,"column":16},"end":{"line":169,"column":33}},"40":{"start":{"line":171,"column":2},"end":{"line":176,"column":3}},"41":{"start":{"line":172,"column":4},"end":{"line":175,"column":7}},"42":{"start":{"line":178,"column":2},"end":{"line":192,"column":3}},"43":{"start":{"line":179,"column":20},"end":{"line":182,"column":5}},"44":{"start":{"line":183,"column":4},"end":{"line":186,"column":7}},"45":{"start":{"line":188,"column":4},"end":{"line":191,"column":7}},"46":{"start":{"line":195,"column":0},"end":{"line":195,"column":24}}},"fnMap":{"0":{"name":"(anonymous_0)","decl":{"start":{"line":26,"column":2},"end":{"line":26,"column":3}},"loc":{"start":{"line":26,"column":16},"end":{"line":72,"column":3}},"line":26},"1":{"name":"(anonymous_1)","decl":{"start":{"line":77,"column":18},"end":{"line":77,"column":19}},"loc":{"start":{"line":77,"column":32},"end":{"line":117,"column":1}},"line":77},"2":{"name":"(anonymous_2)","decl":{"start":{"line":121,"column":22},"end":{"line":121,"column":23}},"loc":{"start":{"line":121,"column":36},"end":{"line":137,"column":1}},"line":121},"3":{"name":"(anonymous_3)","decl":{"start":{"line":122,"column":13},"end":{"line":122,"column":14}},"loc":{"start":{"line":122,"column":22},"end":{"line":136,"column":3}},"line":122},"4":{"name":"(anonymous_4)","decl":{"start":{"line":141,"column":28},"end":{"line":141,"column":29}},"loc":{"start":{"line":141,"column":42},"end":{"line":164,"column":1}},"line":141},"5":{"name":"(anonymous_5)","decl":{"start":{"line":168,"column":22},"end":{"line":168,"column":23}},"loc":{"start":{"line":168,"column":36},"end":{"line":193,"column":1}},"line":168}},"branchMap":{"0":{"loc":{"start":{"line":37,"column":6},"end":{"line":37,"column":51}},"type":"binary-expr","locations":[{"start":{"line":37,"column":6},"end":{"line":37,"column":28}},{"start":{"line":37,"column":32},"end":{"line":37,"column":51}}],"line":37},"1":{"loc":{"start":{"line":46,"column":16},"end":{"line":46,"column":50}},"type":"cond-expr","locations":[{"start":{"line":46,"column":36},"end":{"line":46,"column":42}},{"start":{"line":46,"column":45},"end":{"line":46,"column":50}}],"line":46},"2":{"loc":{"start":{"line":53,"column":16},"end":{"line":53,"column":50}},"type":"cond-expr","locations":[{"start":{"line":53,"column":36},"end":{"line":53,"column":42}},{"start":{"line":53,"column":45},"end":{"line":53,"column":50}}],"line":53},"3":{"loc":{"start":{"line":60,"column":16},"end":{"line":60,"column":50}},"type":"cond-expr","locations":[{"start":{"line":60,"column":36},"end":{"line":60,"column":42}},{"start":{"line":60,"column":45},"end":{"line":60,"column":50}}],"line":60},"4":{"loc":{"start":{"line":67,"column":16},"end":{"line":67,"column":50}},"type":"cond-expr","locations":[{"start":{"line":67,"column":36},"end":{"line":67,"column":42}},{"start":{"line":67,"column":45},"end":{"line":67,"column":50}}],"line":67},"5":{"loc":{"start":{"line":78,"column":2},"end":{"line":116,"column":3}},"type":"if","locations":[{"start":{"line":78,"column":2},"end":{"line":116,"column":3}},{"start":{"line":90,"column":9},"end":{"line":116,"column":3}}],"line":78},"6":{"loc":{"start":{"line":78,"column":6},"end":{"line":78,"column":50}},"type":"binary-expr","locations":[{"start":{"line":78,"column":6},"end":{"line":78,"column":25}},{"start":{"line":78,"column":29},"end":{"line":78,"column":50}}],"line":78},"7":{"loc":{"start":{"line":93,"column":4},"end":{"line":115,"column":5}},"type":"if","locations":[{"start":{"line":93,"column":4},"end":{"line":115,"column":5}},{"start":{"line":110,"column":11},"end":{"line":115,"column":5}}],"line":93},"8":{"loc":{"start":{"line":97,"column":10},"end":{"line":97,"column":55}},"type":"binary-expr","locations":[{"start":{"line":97,"column":10},"end":{"line":97,"column":32}},{"start":{"line":97,"column":36},"end":{"line":97,"column":55}}],"line":97},"9":{"loc":{"start":{"line":123,"column":4},"end":{"line":126,"column":5}},"type":"if","locations":[{"start":{"line":123,"column":4},"end":{"line":126,"column":5}},{"start":{},"end":{}}],"line":123},"10":{"loc":{"start":{"line":171,"column":2},"end":{"line":176,"column":3}},"type":"if","locations":[{"start":{"line":171,"column":2},"end":{"line":176,"column":3}},{"start":{},"end":{}}],"line":171},"11":{"loc":{"start":{"line":181,"column":6},"end":{"line":181,"column":51}},"type":"binary-expr","locations":[{"start":{"line":181,"column":6},"end":{"line":181,"column":28}},{"start":{"line":181,"column":32},"end":{"line":181,"column":51}}],"line":181}},"s":{"0":1,"1":1,"2":1,"3":1,"4":1,"5":1,"6":1,"7":1,"8":1,"9":0,"10":0,"11":0,"12":0,"13":0,"14":0,"15":0,"16":1,"17":0,"18":0,"19":0,"20":0,"21":0,"22":0,"23":0,"24":0,"25":0,"26":1,"27":0,"28":0,"29":0,"30":0,"31":0,"32":0,"33":0,"34":0,"35":0,"36":1,"37":0,"38":1,"39":0,"40":0,"41":0,"42":0,"43":0,"44":0,"45":0,"46":1},"f":{"0":0,"1":0,"2":0,"3":0,"4":0,"5":0},"b":{"0":[0,0],"1":[0,0],"2":[0,0],"3":[0,0],"4":[0,0],"5":[0,0],"6":[0,0],"7":[0,0],"8":[0,0],"9":[0,0],"10":[0,0],"11":[0,0]},"_coverageSchema":"1a1c01bbd47fc00a2c39e90264f33305004495a9","hash":"776b3a7935508c2741b68bfb14a8e84f71041d96"}
,"C:\\BYUI\\CSE 340-341\\MovieWatchlist\\Movie_Watchlist\\backend\\routes\\awards.js": {"path":"C:\\BYUI\\CSE 340-341\\MovieWatchlist\\Movie_Watchlist\\backend\\routes\\awards.js","statementMap":{"0":{"start":{"line":2,"column":15},"end":{"line":2,"column":42}},"1":{"start":{"line":3,"column":24},"end":{"line":3,"column":56}},"2":{"start":{"line":4,"column":33},"end":{"line":4,"column":68}},"3":{"start":{"line":5,"column":28},"end":{"line":5,"column":57}},"4":{"start":{"line":8,"column":0},"end":{"line":8,"column":63}},"5":{"start":{"line":11,"column":0},"end":{"line":11,"column":83}},"6":{"start":{"line":14,"column":0},"end":{"line":19,"column":2}},"7":{"start":{"line":22,"column":0},"end":{"line":27,"column":2}},"8":{"start":{"line":30,"column":0},"end":{"line":35,"column":2}},"9":{"start":{"line":38,"column":0},"end":{"line":43,"column":2}},"10":{"start":{"line":45,"column":0},"end":{"line":45,"column":24}}},"fnMap":{},"branchMap":{},"s":{"0":1,"1":1,"2":1,"3":1,"4":1,"5":1,"6":1,"7":1,"8":1,"9":1,"10":1},"f":{},"b":{},"_coverageSchema":"1a1c01bbd47fc00a2c39e90264f33305004495a9","hash":"615f3271b6ab1ee1001a2979370ffabce199cdd4"}
,"C:\\BYUI\\CSE 340-341\\MovieWatchlist\\Movie_Watchlist\\backend\\routes\\index.js": {"path":"C:\\BYUI\\CSE 340-341\\MovieWatchlist\\Movie_Watchlist\\backend\\routes\\index.js","statementMap":{"0":{"start":{"line":1,"column":15},"end":{"line":1,"column":42}},"1":{"start":{"line":2,"column":21},"end":{"line":2,"column":40}},"2":{"start":{"line":3,"column":19},"end":{"line":3,"column":37}},"3":{"start":{"line":4,"column":24},"end":{"line":4,"column":46}},"4":{"start":{"line":5,"column":21},"end":{"line":5,"column":40}},"5":{"start":{"line":6,"column":19},"end":{"line":6,"column":36}},"6":{"start":{"line":7,"column":25},"end":{"line":7,"column":54}},"7":{"start":{"line":10,"column":0},"end":{"line":10,"column":37}},"8":{"start":{"line":11,"column":0},"end":{"line":11,"column":34}},"9":{"start":{"line":12,"column":0},"end":{"line":12,"column":43}},"10":{"start":{"line":13,"column":0},"end":{"line":13,"column":37}},"11":{"start":{"line":14,"column":0},"end":{"line":14,"column":32}},"12":{"start":{"line":17,"column":0},"end":{"line":17,"column":46}},"13":{"start":{"line":20,"column":0},"end":{"line":74,"column":3}},"14":{"start":{"line":21,"column":2},"end":{"line":73,"column":5}},"15":{"start":{"line":76,"column":0},"end":{"line":76,"column":24}}},"fnMap":{"0":{"name":"(anonymous_0)","decl":{"start":{"line":20,"column":16},"end":{"line":20,"column":17}},"loc":{"start":{"line":20,"column":30},"end":{"line":74,"column":1}},"line":20}},"branchMap":{"0":{"loc":{"start":{"line":27,"column":14},"end":{"line":27,"column":65}},"type":"cond-expr","locations":[{"start":{"line":27,"column":36},"end":{"line":27,"column":57}},{"start":{"line":27,"column":60},"end":{"line":27,"column":65}}],"line":27},"1":{"loc":{"start":{"line":28,"column":12},"end":{"line":33,"column":14}},"type":"cond-expr","locations":[{"start":{"line":29,"column":10},"end":{"line":32,"column":11}},{"start":{"line":33,"column":10},"end":{"line":33,"column":14}}],"line":28}},"s":{"0":1,"1":1,"2":1,"3":1,"4":1,"5":1,"6":1,"7":1,"8":1,"9":1,"10":1,"11":1,"12":1,"13":1,"14":0,"15":1},"f":{"0":0},"b":{"0":[0,0],"1":[0,0]},"_coverageSchema":"1a1c01bbd47fc00a2c39e90264f33305004495a9","hash":"d40c39e9f2634c3937d7779ffff48d62fc90aa75"}
,"C:\\BYUI\\CSE 340-341\\MovieWatchlist\\Movie_Watchlist\\backend\\routes\\movies.js": {"path":"C:\\BYUI\\CSE 340-341\\MovieWatchlist\\Movie_Watchlist\\backend\\routes\\movies.js","statementMap":{"0":{"start":{"line":1,"column":15},"end":{"line":1,"column":42}},"1":{"start":{"line":2,"column":24},"end":{"line":2,"column":56}},"2":{"start":{"line":3,"column":33},"end":{"line":3,"column":68}},"3":{"start":{"line":4,"column":28},"end":{"line":4,"column":57}},"4":{"start":{"line":7,"column":0},"end":{"line":7,"column":64}},"5":{"start":{"line":11,"column":0},"end":{"line":16,"column":2}},"6":{"start":{"line":19,"column":0},"end":{"line":24,"column":2}},"7":{"start":{"line":27,"column":0},"end":{"line":32,"column":2}},"8":{"start":{"line":35,"column":0},"end":{"line":40,"column":2}},"9":{"start":{"line":42,"column":0},"end":{"line":42,"column":24}}},"fnMap":{},"branchMap":{},"s":{"0":1,"1":1,"2":1,"3":1,"4":1,"5":1,"6":1,"7":1,"8":1,"9":1},"f":{},"b":{},"_coverageSchema":"1a1c01bbd47fc00a2c39e90264f33305004495a9","hash":"2533906b04c821a5178c256352adb64314c6eded"}
,"C:\\BYUI\\CSE 340-341\\MovieWatchlist\\Movie_Watchlist\\backend\\routes\\swagger.js": {"path":"C:\\BYUI\\CSE 340-341\\MovieWatchlist\\Movie_Watchlist\\backend\\routes\\swagger.js","statementMap":{"0":{"start":{"line":1,"column":15},"end":{"line":1,"column":42}},"1":{"start":{"line":2,"column":18},"end":{"line":2,"column":47}},"2":{"start":{"line":3,"column":24},"end":{"line":3,"column":50}},"3":{"start":{"line":5,"column":0},"end":{"line":5,"column":33}},"4":{"start":{"line":7,"column":0},"end":{"line":24,"column":3}},"5":{"start":{"line":9,"column":22},"end":{"line":9,"column":65}},"6":{"start":{"line":12,"column":2},"end":{"line":12,"column":37}},"7":{"start":{"line":15,"column":25},"end":{"line":20,"column":3}},"8":{"start":{"line":23,"column":2},"end":{"line":23,"column":63}},"9":{"start":{"line":26,"column":0},"end":{"line":26,"column":24}}},"fnMap":{"0":{"name":"(anonymous_0)","decl":{"start":{"line":7,"column":16},"end":{"line":7,"column":17}},"loc":{"start":{"line":7,"column":36},"end":{"line":24,"column":1}},"line":7}},"branchMap":{},"s":{"0":1,"1":1,"2":1,"3":1,"4":1,"5":0,"6":0,"7":0,"8":0,"9":1},"f":{"0":0},"b":{},"_coverageSchema":"1a1c01bbd47fc00a2c39e90264f33305004495a9","hash":"e54a39d07cd3c418263cc9dc35503fae6685d48b"}
,"C:\\BYUI\\CSE 340-341\\MovieWatchlist\\Movie_Watchlist\\backend\\routes\\users.js": {"path":"C:\\BYUI\\CSE 340-341\\MovieWatchlist\\Movie_Watchlist\\backend\\routes\\users.js","statementMap":{"0":{"start":{"line":1,"column":15},"end":{"line":1,"column":42}},"1":{"start":{"line":2,"column":23},"end":{"line":2,"column":54}},"2":{"start":{"line":3,"column":32},"end":{"line":3,"column":67}},"3":{"start":{"line":4,"column":28},"end":{"line":4,"column":57}},"4":{"start":{"line":7,"column":0},"end":{"line":7,"column":61}},"5":{"start":{"line":10,"column":0},"end":{"line":15,"column":2}},"6":{"start":{"line":18,"column":0},"end":{"line":23,"column":2}},"7":{"start":{"line":26,"column":0},"end":{"line":31,"column":2}},"8":{"start":{"line":34,"column":0},"end":{"line":39,"column":2}},"9":{"start":{"line":41,"column":0},"end":{"line":41,"column":24}}},"fnMap":{},"branchMap":{},"s":{"0":1,"1":1,"2":1,"3":1,"4":1,"5":1,"6":1,"7":1,"8":1,"9":1},"f":{},"b":{},"_coverageSchema":"1a1c01bbd47fc00a2c39e90264f33305004495a9","hash":"f7a55c3a7520ccd5b3f2067313f3e618af9b27b1"}
,"C:\\BYUI\\CSE 340-341\\MovieWatchlist\\Movie_Watchlist\\backend\\routes\\watchlist.js": {"path":"C:\\BYUI\\CSE 340-341\\MovieWatchlist\\Movie_Watchlist\\backend\\routes\\watchlist.js","statementMap":{"0":{"start":{"line":1,"column":15},"end":{"line":1,"column":42}},"1":{"start":{"line":2,"column":28},"end":{"line":2,"column":63}},"2":{"start":{"line":3,"column":37},"end":{"line":3,"column":72}},"3":{"start":{"line":4,"column":28},"end":{"line":4,"column":57}},"4":{"start":{"line":7,"column":0},"end":{"line":7,"column":71}},"5":{"start":{"line":10,"column":0},"end":{"line":15,"column":2}},"6":{"start":{"line":18,"column":0},"end":{"line":23,"column":2}},"7":{"start":{"line":26,"column":0},"end":{"line":31,"column":2}},"8":{"start":{"line":34,"column":0},"end":{"line":39,"column":2}},"9":{"start":{"line":41,"column":0},"end":{"line":41,"column":24}}},"fnMap":{},"branchMap":{},"s":{"0":1,"1":1,"2":1,"3":1,"4":1,"5":1,"6":1,"7":1,"8":1,"9":1},"f":{},"b":{},"_coverageSchema":"1a1c01bbd47fc00a2c39e90264f33305004495a9","hash":"f67d0a24e0fc40ca65d2dd4f0f40aed518d56568"}
}
