TN:
SF:server.js
FN:24,(anonymous_0)
FN:97,(anonymous_1)
FN:104,(anonymous_2)
FN:125,(anonymous_3)
FN:150,(anonymous_4)
FN:155,(anonymous_5)
FN:162,(anonymous_6)
FN:175,(anonymous_7)
FN:190,(anonymous_8)
FN:191,(anonymous_9)
FN:202,(anonymous_10)
FNF:11
FNH:3
FNDA:1,(anonymous_0)
FNDA:0,(anonymous_1)
FNDA:0,(anonymous_2)
FNDA:0,(anonymous_3)
FNDA:0,(anonymous_4)
FNDA:0,(anonymous_5)
FNDA:1,(anonymous_6)
FNDA:1,(anonymous_7)
FNDA:0,(anonymous_8)
FNDA:0,(anonymous_9)
FNDA:0,(anonymous_10)
DA:1,1
DA:2,1
DA:3,1
DA:5,1
DA:6,1
DA:7,1
DA:8,1
DA:9,1
DA:10,1
DA:11,1
DA:12,1
DA:13,1
DA:14,1
DA:15,1
DA:17,1
DA:19,1
DA:20,1
DA:21,1
DA:24,1
DA:25,1
DA:28,1
DA:41,1
DA:42,0
DA:49,1
DA:50,1
DA:53,1
DA:54,1
DA:57,1
DA:58,0
DA:62,1
DA:74,1
DA:77,1
DA:78,1
DA:79,1
DA:80,1
DA:82,1
DA:85,1
DA:86,1
DA:87,1
DA:89,1
DA:92,1
DA:93,1
DA:94,1
DA:97,1
DA:98,0
DA:99,0
DA:100,0
DA:104,1
DA:105,0
DA:107,0
DA:108,0
DA:110,0
DA:113,0
DA:114,0
DA:119,0
DA:123,0
DA:125,0
DA:140,0
DA:147,1
DA:150,1
DA:151,0
DA:155,1
DA:156,0
DA:157,0
DA:162,1
DA:163,1
DA:164,1
DA:165,1
DA:166,1
DA:167,1
DA:169,0
DA:170,0
DA:175,1
DA:176,1
DA:177,1
DA:178,1
DA:179,1
DA:180,1
DA:183,0
DA:188,1
DA:189,0
DA:191,0
DA:192,0
DA:193,0
DA:194,0
DA:195,0
DA:196,0
DA:197,0
DA:198,0
DA:199,0
DA:203,0
DA:204,0
DA:209,1
LF:93
LH:60
BRDA:20,0,0,1
BRDA:20,0,1,0
BRDA:36,1,0,0
BRDA:36,1,1,1
BRDA:41,2,0,0
BRDA:41,2,1,1
BRDA:57,3,0,0
BRDA:57,3,1,1
BRDA:63,4,0,0
BRDA:63,4,1,1
BRDA:132,5,0,0
BRDA:132,5,1,0
BRDA:178,6,0,1
BRDA:178,6,1,0
BRDA:178,7,0,1
BRDA:178,7,1,1
BRDA:188,8,0,0
BRDA:188,8,1,1
BRF:18
BRH:9
end_of_record
TN:
SF:config\keys.js
FNF:0
FNH:0
DA:2,1
DA:5,1
DA:7,1
LF:3
LH:3
BRDA:5,0,0,1
BRDA:5,0,1,1
BRDA:12,1,0,0
BRDA:12,1,1,1
BRDA:14,2,0,1
BRDA:14,2,1,0
BRDA:18,3,0,1
BRDA:18,3,1,0
BRDA:22,4,0,1
BRDA:22,4,1,0
BRDA:22,4,2,0
BRF:11
BRH:6
end_of_record
TN:
SF:config\passport.js
FN:7,(anonymous_0)
FN:12,(anonymous_1)
FN:34,(anonymous_2)
FNF:3
FNH:0
FNDA:0,(anonymous_0)
FNDA:0,(anonymous_1)
FNDA:0,(anonymous_2)
DA:1,1
DA:2,1
DA:3,1
DA:4,1
DA:7,1
DA:8,0
DA:12,1
DA:13,0
DA:14,0
DA:15,0
DA:16,0
DA:19,0
DA:21,0
DA:26,1
DA:35,0
DA:36,0
DA:38,0
DA:41,0
DA:45,0
DA:47,0
DA:48,0
DA:51,0
DA:54,0
DA:55,0
DA:58,0
DA:59,0
DA:61,0
DA:63,0
DA:81,0
DA:84,0
DA:88,0
DA:89,0
DA:92,0
DA:93,0
DA:99,1
LF:35
LH:8
BRDA:45,0,0,0
BRDA:45,0,1,0
BRDA:58,1,0,0
BRDA:58,1,1,0
BRDA:59,2,0,0
BRDA:59,2,1,0
BRDA:61,3,0,0
BRDA:61,3,1,0
BRDA:69,4,0,0
BRDA:69,4,1,0
BRDA:69,5,0,0
BRDA:69,5,1,0
BRDA:74,6,0,0
BRDA:74,6,1,0
BRDA:74,7,0,0
BRDA:74,7,1,0
BRF:16
BRH:0
end_of_record
TN:
SF:controllers\awards.js
FN:5,(anonymous_0)
FN:47,(anonymous_1)
FN:96,(anonymous_2)
FN:154,(anonymous_3)
FN:237,(anonymous_4)
FN:294,(anonymous_5)
FNF:6
FNH:0
FNDA:0,(anonymous_0)
FNDA:0,(anonymous_1)
FNDA:0,(anonymous_2)
FNDA:0,(anonymous_3)
FNDA:0,(anonymous_4)
FNDA:0,(anonymous_5)
DA:1,1
DA:2,1
DA:5,1
DA:6,0
DA:7,0
DA:39,0
DA:41,0
DA:42,0
DA:47,1
DA:48,0
DA:49,0
DA:51,0
DA:88,0
DA:90,0
DA:91,0
DA:96,1
DA:97,0
DA:98,0
DA:102,0
DA:103,0
DA:105,0
DA:108,0
DA:112,0
DA:142,0
DA:143,0
DA:146,0
DA:148,0
DA:149,0
DA:154,1
DA:155,0
DA:156,0
DA:158,0
DA:159,0
DA:162,0
DA:165,0
DA:170,0
DA:173,0
DA:174,0
DA:175,0
DA:176,0
DA:177,0
DA:181,0
DA:183,0
DA:187,0
DA:188,0
DA:197,0
DA:199,0
DA:209,0
DA:210,0
DA:214,0
DA:215,0
DA:216,0
DA:221,0
DA:226,0
DA:231,0
DA:232,0
DA:237,1
DA:238,0
DA:239,0
DA:243,0
DA:244,0
DA:246,0
DA:249,0
DA:253,0
DA:262,0
DA:263,0
DA:264,0
DA:265,0
DA:271,0
DA:276,0
DA:277,0
DA:280,0
DA:281,0
DA:286,0
DA:288,0
DA:289,0
DA:294,1
DA:295,0
DA:296,0
DA:300,0
DA:301,0
DA:303,0
DA:306,0
DA:310,0
DA:315,0
DA:316,0
DA:318,0
DA:321,0
DA:322,0
DA:326,1
LF:90
LH:9
BRDA:108,0,0,0
BRDA:108,0,1,0
BRDA:142,1,0,0
BRDA:142,1,1,0
BRDA:142,2,0,0
BRDA:142,2,1,0
BRDA:170,3,0,0
BRDA:170,3,1,0
BRDA:173,4,0,0
BRDA:173,4,1,0
BRDA:181,5,0,0
BRDA:181,5,1,0
BRDA:187,6,0,0
BRDA:187,6,1,0
BRDA:204,7,0,0
BRDA:204,7,1,0
BRDA:209,8,0,0
BRDA:209,8,1,0
BRDA:209,9,0,0
BRDA:209,9,1,0
BRDA:209,9,2,0
BRDA:209,9,3,0
BRDA:209,9,4,0
BRDA:215,10,0,0
BRDA:215,10,1,0
BRDA:215,11,0,0
BRDA:215,11,1,0
BRDA:249,12,0,0
BRDA:249,12,1,0
BRDA:262,13,0,0
BRDA:262,13,1,0
BRDA:264,14,0,0
BRDA:264,14,1,0
BRDA:264,15,0,0
BRDA:264,15,1,0
BRDA:276,16,0,0
BRDA:276,16,1,0
BRDA:280,17,0,0
BRDA:280,17,1,0
BRDA:306,18,0,0
BRDA:306,18,1,0
BRDA:315,19,0,0
BRDA:315,19,1,0
BRF:43
BRH:0
end_of_record
TN:
SF:controllers\movies.js
FN:5,(anonymous_0)
FN:21,(anonymous_1)
FN:41,(anonymous_2)
FN:105,(anonymous_3)
FN:176,(anonymous_4)
FNF:5
FNH:0
FNDA:0,(anonymous_0)
FNDA:0,(anonymous_1)
FNDA:0,(anonymous_2)
FNDA:0,(anonymous_3)
FNDA:0,(anonymous_4)
DA:1,1
DA:2,1
DA:5,1
DA:6,0
DA:8,0
DA:14,0
DA:16,0
DA:21,1
DA:22,0
DA:23,0
DA:25,0
DA:30,0
DA:31,0
DA:33,0
DA:36,0
DA:41,1
DA:42,0
DA:43,0
DA:54,0
DA:63,0
DA:64,0
DA:70,0
DA:79,0
DA:83,0
DA:84,0
DA:85,0
DA:90,0
DA:95,0
DA:100,0
DA:105,1
DA:106,0
DA:107,0
DA:110,0
DA:112,0
DA:113,0
DA:114,0
DA:115,0
DA:116,0
DA:117,0
DA:118,0
DA:121,0
DA:122,0
DA:123,0
DA:124,0
DA:131,0
DA:132,0
DA:142,0
DA:143,0
DA:150,0
DA:151,0
DA:154,0
DA:159,0
DA:160,0
DA:163,0
DA:164,0
DA:169,0
DA:171,0
DA:176,1
DA:177,0
DA:178,0
DA:180,0
DA:185,0
DA:186,0
DA:188,0
DA:191,0
DA:195,1
LF:66
LH:8
BRDA:30,0,0,0
BRDA:30,0,1,0
BRDA:63,1,0,0
BRDA:63,1,1,0
BRDA:70,2,0,0
BRDA:70,2,1,0
BRDA:71,3,0,0
BRDA:71,3,1,0
BRDA:71,3,2,0
BRDA:71,3,3,0
BRDA:71,3,4,0
BRDA:71,3,5,0
BRDA:71,3,6,0
BRDA:84,4,0,0
BRDA:84,4,1,0
BRDA:112,5,0,0
BRDA:112,5,1,0
BRDA:113,6,0,0
BRDA:113,6,1,0
BRDA:114,7,0,0
BRDA:114,7,1,0
BRDA:115,8,0,0
BRDA:115,8,1,0
BRDA:116,9,0,0
BRDA:116,9,1,0
BRDA:117,10,0,0
BRDA:117,10,1,0
BRDA:118,11,0,0
BRDA:118,11,1,0
BRDA:121,12,0,0
BRDA:121,12,1,0
BRDA:123,13,0,0
BRDA:123,13,1,0
BRDA:131,14,0,0
BRDA:131,14,1,0
BRDA:131,15,0,0
BRDA:131,15,1,0
BRDA:131,15,2,0
BRDA:136,16,0,0
BRDA:136,16,1,0
BRDA:137,17,0,0
BRDA:137,17,1,0
BRDA:138,18,0,0
BRDA:138,18,1,0
BRDA:142,19,0,0
BRDA:142,19,1,0
BRDA:150,20,0,0
BRDA:150,20,1,0
BRDA:159,21,0,0
BRDA:159,21,1,0
BRDA:163,22,0,0
BRDA:163,22,1,0
BRDA:185,23,0,0
BRDA:185,23,1,0
BRF:54
BRH:0
end_of_record
TN:
SF:controllers\users.js
FN:5,(anonymous_0)
FN:22,(anonymous_1)
FN:49,(anonymous_2)
FN:106,(anonymous_3)
FN:168,(anonymous_4)
FNF:5
FNH:5
FNDA:2,(anonymous_0)
FNDA:3,(anonymous_1)
FNDA:6,(anonymous_2)
FNDA:4,(anonymous_3)
FNDA:5,(anonymous_4)
DA:1,1
DA:2,1
DA:5,1
DA:9,2
DA:10,2
DA:12,2
DA:17,0
DA:22,1
DA:25,3
DA:26,3
DA:28,3
DA:35,3
DA:36,1
DA:39,2
DA:44,0
DA:49,1
DA:50,6
DA:51,6
DA:62,6
DA:67,6
DA:68,1
DA:78,5
DA:86,0
DA:89,5
DA:92,5
DA:101,0
DA:106,1
DA:107,4
DA:109,4
DA:111,4
DA:122,4
DA:123,4
DA:131,4
DA:132,0
DA:139,4
DA:146,4
DA:147,1
DA:150,3
DA:151,0
DA:157,3
DA:163,0
DA:168,1
DA:170,5
DA:171,5
DA:173,5
DA:180,5
DA:181,1
DA:184,4
DA:190,0
DA:194,1
LF:50
LH:42
BRDA:35,0,0,1
BRDA:35,0,1,2
BRDA:67,1,0,1
BRDA:67,1,1,5
BRDA:78,2,0,0
BRDA:78,2,1,5
BRDA:79,3,0,5
BRDA:79,3,1,5
BRDA:79,3,2,5
BRDA:79,3,3,5
BRDA:79,3,4,5
BRDA:79,3,5,5
BRDA:122,4,0,4
BRDA:122,4,1,0
BRDA:131,5,0,0
BRDA:131,5,1,4
BRDA:146,6,0,1
BRDA:146,6,1,3
BRDA:150,7,0,0
BRDA:150,7,1,3
BRDA:180,8,0,1
BRDA:180,8,1,4
BRF:22
BRH:18
end_of_record
TN:
SF:controllers\watchlist.js
FN:5,(anonymous_0)
FN:47,(anonymous_1)
FN:100,(anonymous_2)
FN:217,(anonymous_3)
FN:319,(anonymous_4)
FNF:5
FNH:0
FNDA:0,(anonymous_0)
FNDA:0,(anonymous_1)
FNDA:0,(anonymous_2)
FNDA:0,(anonymous_3)
FNDA:0,(anonymous_4)
DA:1,1
DA:2,1
DA:5,1
DA:6,0
DA:7,0
DA:39,0
DA:41,0
DA:42,0
DA:47,1
DA:48,0
DA:49,0
DA:52,0
DA:55,0
DA:60,0
DA:61,0
DA:65,0
DA:68,0
DA:74,0
DA:75,0
DA:76,0
DA:77,0
DA:87,0
DA:92,0
DA:94,0
DA:95,0
DA:100,1
DA:101,0
DA:102,0
DA:103,0
DA:105,0
DA:106,0
DA:109,0
DA:112,0
DA:117,0
DA:120,0
DA:121,0
DA:122,0
DA:123,0
DA:124,0
DA:128,0
DA:130,0
DA:134,0
DA:135,0
DA:144,0
DA:147,0
DA:152,0
DA:153,0
DA:159,0
DA:174,0
DA:175,0
DA:178,0
DA:179,0
DA:180,0
DA:186,0
DA:187,0
DA:188,0
DA:189,0
DA:195,0
DA:196,0
DA:201,0
DA:206,0
DA:211,0
DA:212,0
DA:217,1
DA:218,0
DA:219,0
DA:220,0
DA:223,0
DA:226,0
DA:227,0
DA:228,0
DA:232,0
DA:237,0
DA:238,0
DA:243,0
DA:245,0
DA:246,0
DA:247,0
DA:248,0
DA:252,0
DA:255,0
DA:257,0
DA:262,0
DA:263,0
DA:264,0
DA:265,0
DA:270,0
DA:273,0
DA:274,0
DA:277,0
DA:278,0
DA:281,0
DA:282,0
DA:285,0
DA:286,0
DA:287,0
DA:288,0
DA:292,0
DA:296,0
DA:297,0
DA:300,0
DA:305,0
DA:306,0
DA:311,0
DA:313,0
DA:314,0
DA:319,1
DA:320,0
DA:321,0
DA:322,0
DA:325,0
DA:328,0
DA:329,0
DA:330,0
DA:333,0
DA:338,0
DA:339,0
DA:343,0
DA:346,0
DA:347,0
DA:351,1
LF:121
LH:8
BRDA:60,0,0,0
BRDA:60,0,1,0
BRDA:74,1,0,0
BRDA:74,1,1,0
BRDA:89,2,0,0
BRDA:89,2,1,0
BRDA:117,3,0,0
BRDA:117,3,1,0
BRDA:120,4,0,0
BRDA:120,4,1,0
BRDA:128,5,0,0
BRDA:128,5,1,0
BRDA:134,6,0,0
BRDA:134,6,1,0
BRDA:152,7,0,0
BRDA:152,7,1,0
BRDA:162,8,0,0
BRDA:162,8,1,0
BRDA:163,9,0,0
BRDA:163,9,1,0
BRDA:164,10,0,0
BRDA:164,10,1,0
BRDA:164,11,0,0
BRDA:164,11,1,0
BRDA:164,11,2,0
BRDA:167,12,0,0
BRDA:167,12,1,0
BRDA:168,13,0,0
BRDA:168,13,1,0
BRDA:169,14,0,0
BRDA:169,14,1,0
BRDA:169,14,2,0
BRDA:170,15,0,0
BRDA:170,15,1,0
BRDA:174,16,0,0
BRDA:174,16,1,0
BRDA:174,17,0,0
BRDA:174,17,1,0
BRDA:179,18,0,0
BRDA:179,18,1,0
BRDA:186,19,0,0
BRDA:186,19,1,0
BRDA:188,20,0,0
BRDA:188,20,1,0
BRDA:188,21,0,0
BRDA:188,21,1,0
BRDA:188,21,2,0
BRDA:195,22,0,0
BRDA:195,22,1,0
BRDA:220,23,0,0
BRDA:220,23,1,0
BRDA:227,24,0,0
BRDA:227,24,1,0
BRDA:237,25,0,0
BRDA:237,25,1,0
BRDA:245,26,0,0
BRDA:245,26,1,0
BRDA:247,27,0,0
BRDA:247,27,1,0
BRDA:255,28,0,0
BRDA:255,28,1,0
BRDA:257,29,0,0
BRDA:257,29,1,0
BRDA:257,30,0,0
BRDA:257,30,1,0
BRDA:262,31,0,0
BRDA:262,31,1,0
BRDA:264,32,0,0
BRDA:264,32,1,0
BRDA:264,33,0,0
BRDA:264,33,1,0
BRDA:264,33,2,0
BRDA:273,34,0,0
BRDA:273,34,1,0
BRDA:277,35,0,0
BRDA:277,35,1,0
BRDA:281,36,0,0
BRDA:281,36,1,0
BRDA:281,37,0,0
BRDA:281,37,1,0
BRDA:282,38,0,0
BRDA:282,38,1,0
BRDA:285,39,0,0
BRDA:285,39,1,0
BRDA:287,40,0,0
BRDA:287,40,1,0
BRDA:296,41,0,0
BRDA:296,41,1,0
BRDA:305,42,0,0
BRDA:305,42,1,0
BRDA:322,43,0,0
BRDA:322,43,1,0
BRDA:329,44,0,0
BRDA:329,44,1,0
BRDA:338,45,0,0
BRDA:338,45,1,0
BRF:96
BRH:0
end_of_record
TN:
SF:db\connect.js
FN:12,(anonymous_0)
FN:52,(anonymous_1)
FN:62,(anonymous_2)
FNF:3
FNH:2
FNDA:1,(anonymous_0)
FNDA:30,(anonymous_1)
FNDA:0,(anonymous_2)
DA:1,1
DA:2,1
DA:5,1
DA:12,1
DA:15,1
DA:16,0
DA:17,0
DA:22,1
DA:24,1
DA:25,0
DA:30,1
DA:31,1
DA:32,1
DA:33,1
DA:36,1
DA:39,1
DA:40,1
DA:41,1
DA:46,0
DA:47,0
DA:52,1
DA:55,30
DA:56,0
DA:58,30
DA:62,1
DA:63,0
DA:64,0
DA:65,0
DA:66,0
DA:67,0
DA:68,0
DA:70,0
DA:73,0
DA:74,0
DA:78,1
LF:35
LH:20
BRDA:15,0,0,0
BRDA:15,0,1,1
BRDA:24,1,0,0
BRDA:24,1,1,1
BRDA:55,2,0,0
BRDA:55,2,1,30
BRDA:64,3,0,0
BRDA:64,3,1,0
BRF:8
BRH:3
end_of_record
TN:
SF:middleware\auth.js
FN:5,(anonymous_0)
FN:37,(anonymous_1)
FNF:2
FNH:1
FNDA:55,(anonymous_0)
FNDA:0,(anonymous_1)
DA:1,1
DA:2,1
DA:5,1
DA:7,55
DA:9,55
DA:10,51
DA:11,51
DA:15,51
DA:16,51
DA:18,0
DA:26,4
DA:27,0
DA:30,4
DA:37,1
DA:38,0
DA:39,0
DA:42,0
DA:44,0
DA:45,0
DA:46,0
DA:50,0
DA:53,0
DA:59,0
DA:62,1
LF:24
LH:13
BRDA:7,0,0,55
BRDA:7,0,1,55
BRDA:9,1,0,51
BRDA:9,1,1,4
BRDA:13,2,0,51
BRDA:13,2,1,0
BRDA:26,3,0,0
BRDA:26,3,1,4
BRDA:26,4,0,4
BRDA:26,4,1,4
BRDA:38,5,0,0
BRDA:38,5,1,0
BRDA:38,6,0,0
BRDA:38,6,1,0
BRDA:42,7,0,0
BRDA:42,7,1,0
BRDA:44,8,0,0
BRDA:44,8,1,0
BRDA:48,9,0,0
BRDA:48,9,1,0
BRF:20
BRH:8
end_of_record
TN:
SF:middleware\validation.js
FN:4,(anonymous_0)
FN:7,(anonymous_1)
FN:75,(anonymous_2)
FN:142,(anonymous_3)
FN:209,(anonymous_4)
FN:223,(anonymous_5)
FN:278,(anonymous_6)
FN:290,(anonymous_7)
FN:340,(anonymous_8)
FN:360,(anonymous_9)
FN:374,(anonymous_10)
FN:404,(anonymous_11)
FN:423,(anonymous_12)
FN:436,(anonymous_13)
FNF:14
FNH:4
FNDA:49,(anonymous_0)
FNDA:61,(anonymous_1)
FNDA:30,(anonymous_2)
FNDA:7,(anonymous_3)
FNDA:0,(anonymous_4)
FNDA:0,(anonymous_5)
FNDA:0,(anonymous_6)
FNDA:0,(anonymous_7)
FNDA:0,(anonymous_8)
FNDA:0,(anonymous_9)
FNDA:0,(anonymous_10)
FNDA:0,(anonymous_11)
FNDA:0,(anonymous_12)
FNDA:0,(anonymous_13)
DA:1,1
DA:4,1
DA:5,49
DA:6,49
DA:7,61
DA:13,31
DA:19,18
DA:23,1
DA:76,30
DA:77,30
DA:78,10
DA:81,20
DA:82,20
DA:83,20
DA:88,0
DA:91,20
DA:143,7
DA:144,7
DA:145,3
DA:148,4
DA:149,4
DA:150,4
DA:155,0
DA:158,4
DA:176,1
DA:211,0
DA:212,0
DA:213,0
DA:215,0
DA:225,0
DA:226,0
DA:227,0
DA:229,0
DA:279,0
DA:280,0
DA:281,0
DA:283,0
DA:291,0
DA:292,0
DA:293,0
DA:295,0
DA:324,1
DA:341,0
DA:343,0
DA:345,0
DA:346,0
DA:347,0
DA:349,0
DA:361,0
DA:362,0
DA:365,0
DA:366,0
DA:367,0
DA:369,0
DA:375,0
DA:376,0
DA:379,0
DA:380,0
DA:381,0
DA:383,0
DA:405,0
DA:406,0
DA:408,0
DA:409,0
DA:410,0
DA:412,0
DA:424,0
DA:425,0
DA:427,0
DA:428,0
DA:429,0
DA:431,0
DA:437,0
DA:438,0
DA:440,0
DA:441,0
DA:442,0
DA:444,0
DA:468,1
DA:556,1
LF:80
LH:26
BRDA:6,0,0,31
BRDA:6,0,1,18
BRDA:8,1,0,61
BRDA:8,1,1,0
BRDA:77,2,0,10
BRDA:77,2,1,20
BRDA:83,3,0,0
BRDA:83,3,1,20
BRDA:84,4,0,20
BRDA:84,4,1,20
BRDA:84,4,2,20
BRDA:144,5,0,3
BRDA:144,5,1,4
BRDA:150,6,0,0
BRDA:150,6,1,4
BRDA:151,7,0,4
BRDA:151,7,1,4
BRDA:151,7,2,4
BRDA:212,8,0,0
BRDA:212,8,1,0
BRDA:226,9,0,0
BRDA:226,9,1,0
BRDA:226,10,0,0
BRDA:226,10,1,0
BRDA:280,11,0,0
BRDA:280,11,1,0
BRDA:292,12,0,0
BRDA:292,12,1,0
BRDA:292,13,0,0
BRDA:292,13,1,0
BRDA:341,14,0,0
BRDA:341,14,1,0
BRDA:341,15,0,0
BRDA:341,15,1,0
BRDA:341,15,2,0
BRDA:346,16,0,0
BRDA:346,16,1,0
BRDA:346,17,0,0
BRDA:346,17,1,0
BRDA:346,17,2,0
BRDA:361,18,0,0
BRDA:361,18,1,0
BRDA:361,19,0,0
BRDA:361,19,1,0
BRDA:361,19,2,0
BRDA:366,20,0,0
BRDA:366,20,1,0
BRDA:375,21,0,0
BRDA:375,21,1,0
BRDA:375,22,0,0
BRDA:375,22,1,0
BRDA:375,22,2,0
BRDA:380,23,0,0
BRDA:380,23,1,0
BRDA:405,24,0,0
BRDA:405,24,1,0
BRDA:405,25,0,0
BRDA:405,25,1,0
BRDA:405,25,2,0
BRDA:409,26,0,0
BRDA:409,26,1,0
BRDA:409,27,0,0
BRDA:409,27,1,0
BRDA:409,27,2,0
BRDA:424,28,0,0
BRDA:424,28,1,0
BRDA:424,29,0,0
BRDA:424,29,1,0
BRDA:424,29,2,0
BRDA:428,30,0,0
BRDA:428,30,1,0
BRDA:437,31,0,0
BRDA:437,31,1,0
BRDA:437,32,0,0
BRDA:437,32,1,0
BRDA:437,32,2,0
BRDA:441,33,0,0
BRDA:441,33,1,0
BRF:78
BRH:15
end_of_record
TN:
SF:routes\auth.js
FN:26,(anonymous_0)
FN:77,(anonymous_1)
FN:121,(anonymous_2)
FN:122,(anonymous_3)
FN:141,(anonymous_4)
FN:168,(anonymous_5)
FNF:6
FNH:0
FNDA:0,(anonymous_0)
FNDA:0,(anonymous_1)
FNDA:0,(anonymous_2)
FNDA:0,(anonymous_3)
FNDA:0,(anonymous_4)
FNDA:0,(anonymous_5)
DA:1,1
DA:2,1
DA:3,1
DA:4,1
DA:5,1
DA:6,1
DA:7,1
DA:11,1
DA:20,1
DA:28,0
DA:31,0
DA:42,0
DA:49,0
DA:56,0
DA:63,0
DA:71,0
DA:77,1
DA:78,0
DA:79,0
DA:92,0
DA:93,0
DA:94,0
DA:95,0
DA:99,0
DA:105,0
DA:111,0
DA:121,1
DA:122,0
DA:123,0
DA:124,0
DA:125,0
DA:129,0
DA:130,0
DA:131,0
DA:132,0
DA:135,0
DA:141,1
DA:142,0
DA:168,1
DA:169,0
DA:171,0
DA:172,0
DA:178,0
DA:179,0
DA:183,0
DA:188,0
DA:195,1
LF:47
LH:14
BRDA:37,0,0,0
BRDA:37,0,1,0
BRDA:46,1,0,0
BRDA:46,1,1,0
BRDA:53,2,0,0
BRDA:53,2,1,0
BRDA:60,3,0,0
BRDA:60,3,1,0
BRDA:67,4,0,0
BRDA:67,4,1,0
BRDA:78,5,0,0
BRDA:78,5,1,0
BRDA:78,6,0,0
BRDA:78,6,1,0
BRDA:93,7,0,0
BRDA:93,7,1,0
BRDA:97,8,0,0
BRDA:97,8,1,0
BRDA:123,9,0,0
BRDA:123,9,1,0
BRDA:171,10,0,0
BRDA:171,10,1,0
BRDA:181,11,0,0
BRDA:181,11,1,0
BRF:24
BRH:0
end_of_record
TN:
SF:routes\awards.js
FNF:0
FNH:0
DA:2,1
DA:3,1
DA:4,1
DA:5,1
DA:8,1
DA:11,1
DA:14,1
DA:22,1
DA:30,1
DA:38,1
DA:45,1
LF:11
LH:11
BRF:0
BRH:0
end_of_record
TN:
SF:routes\index.js
FN:20,(anonymous_0)
FNF:1
FNH:0
FNDA:0,(anonymous_0)
DA:1,1
DA:2,1
DA:3,1
DA:4,1
DA:5,1
DA:6,1
DA:7,1
DA:10,1
DA:11,1
DA:12,1
DA:13,1
DA:14,1
DA:17,1
DA:20,1
DA:21,0
DA:76,1
LF:16
LH:15
BRDA:27,0,0,0
BRDA:27,0,1,0
BRDA:28,1,0,0
BRDA:28,1,1,0
BRF:4
BRH:0
end_of_record
TN:
SF:routes\movies.js
FNF:0
FNH:0
DA:1,1
DA:2,1
DA:3,1
DA:4,1
DA:7,1
DA:11,1
DA:19,1
DA:27,1
DA:35,1
DA:42,1
LF:10
LH:10
BRF:0
BRH:0
end_of_record
TN:
SF:routes\swagger.js
FN:7,(anonymous_0)
FNF:1
FNH:0
FNDA:0,(anonymous_0)
DA:1,1
DA:2,1
DA:3,1
DA:5,1
DA:7,1
DA:9,0
DA:12,0
DA:15,0
DA:23,0
DA:26,1
LF:10
LH:6
BRF:0
BRH:0
end_of_record
TN:
SF:routes\users.js
FNF:0
FNH:0
DA:1,1
DA:2,1
DA:3,1
DA:4,1
DA:7,1
DA:10,1
DA:18,1
DA:26,1
DA:34,1
DA:41,1
LF:10
LH:10
BRF:0
BRH:0
end_of_record
TN:
SF:routes\watchlist.js
FNF:0
FNH:0
DA:1,1
DA:2,1
DA:3,1
DA:4,1
DA:7,1
DA:10,1
DA:18,1
DA:26,1
DA:34,1
DA:41,1
LF:10
LH:10
BRF:0
BRH:0
end_of_record
